  [1m[36m (74.9ms)[0m  [1mCREATE TABLE "schema_migrations" ("version" character varying NOT NULL) [0m
  [1m[35m (50.0ms)[0m  CREATE UNIQUE INDEX  "unique_schema_migrations" ON "schema_migrations"  ("version")
  [1m[36mActiveRecord::SchemaMigration Load (0.7ms)[0m  [1mSELECT "schema_migrations".* FROM "schema_migrations"[0m
Migrating to CreateUsers (20160527113515)
  [1m[35m (0.6ms)[0m  BEGIN
  [1m[36m (0.4ms)[0m  [1mROLLBACK[0m
  [1m[36mActiveRecord::SchemaMigration Load (0.9ms)[0m  [1mSELECT "schema_migrations".* FROM "schema_migrations"[0m
Migrating to CreateUsers (20160527113515)
  [1m[35m (0.2ms)[0m  BEGIN
  [1m[36m (135.7ms)[0m  [1mCREATE TABLE "users" ("id" serial primary key, "name" character varying, "mail" character varying, "birth_date" date, "tel" integer, "return_rate" integer, "recommendation_rate" integer, "suggestions" character varying, "created_at" timestamp NOT NULL, "updated_at" timestamp NOT NULL) [0m
  [1m[35mSQL (0.3ms)[0m  INSERT INTO "schema_migrations" ("version") VALUES ($1)  [["version", "20160527113515"]]
  [1m[36m (24.6ms)[0m  [1mCOMMIT[0m
  [1m[35mActiveRecord::SchemaMigration Load (0.6ms)[0m  SELECT "schema_migrations".* FROM "schema_migrations"
  [1m[36m (3.9ms)[0m  [1mSELECT t2.oid::regclass::text AS to_table, a1.attname AS column, a2.attname AS primary_key, c.conname AS name, c.confupdtype AS on_update, c.confdeltype AS on_delete
FROM pg_constraint c
JOIN pg_class t1 ON c.conrelid = t1.oid
JOIN pg_class t2 ON c.confrelid = t2.oid
JOIN pg_attribute a1 ON a1.attnum = c.conkey[1] AND a1.attrelid = t1.oid
JOIN pg_attribute a2 ON a2.attnum = c.confkey[1] AND a2.attrelid = t2.oid
JOIN pg_namespace t3 ON c.connamespace = t3.oid
WHERE c.contype = 'f'
  AND t1.relname = 'users'
  AND t3.nspname = ANY (current_schemas(false))
ORDER BY c.conname
[0m


Started GET "/" for 127.0.0.1 at 2016-05-27 08:50:19 -0300
  [1m[36mActiveRecord::SchemaMigration Load (1.0ms)[0m  [1mSELECT "schema_migrations".* FROM "schema_migrations"[0m
Processing by UsersController#new as HTML
  Rendered users/_form.html.erb (68.6ms)
  Rendered users/new.html.erb within layouts/application (74.5ms)
Completed 200 OK in 1507ms (Views: 1468.5ms | ActiveRecord: 3.2ms)


Started GET "/assets/scaffolds.self-d2b9047785eb5e7de0b3b9a2fffd259b91d7bc5afed3a46118182edc7458155c.css?body=1" for 127.0.0.1 at 2016-05-27 08:50:21 -0300


Started GET "/assets/users.self-e3b0c44298fc1c149afbf4c8996fb92427ae41e4649b934ca495991b7852b855.css?body=1" for 127.0.0.1 at 2016-05-27 08:50:21 -0300


Started GET "/assets/jquery.self-660adc51e0224b731d29f575a6f1ec167ba08ad06ed5deca4f1e8654c135bf4c.js?body=1" for 127.0.0.1 at 2016-05-27 08:50:21 -0300


Started GET "/assets/application.self-8b15951f65349a91282fd92b3c86edcace61c776a852e29370b4b0d23d86bb1d.css?body=1" for 127.0.0.1 at 2016-05-27 08:50:21 -0300


Started GET "/assets/jquery_ujs.self-e87806d0cf4489aeb1bb7288016024e8de67fd18db693fe026fe3907581e53cd.js?body=1" for 127.0.0.1 at 2016-05-27 08:50:21 -0300


Started GET "/assets/turbolinks.self-c37727e9bd6b2735da5c311aa83fead54ed0be6cc8bd9a65309e9c5abe2cbfff.js?body=1" for 127.0.0.1 at 2016-05-27 08:50:21 -0300


Started GET "/assets/users.self-877aef30ae1b040ab8a3aba4e3e309a11d7f2612f44dde450b5c157aa5f95c05.js?body=1" for 127.0.0.1 at 2016-05-27 08:50:21 -0300


Started GET "/assets/application.self-3b8dabdc891efe46b9a144b400ad69e37d7e5876bdc39dee783419a69d7ca819.js?body=1" for 127.0.0.1 at 2016-05-27 08:50:21 -0300


Started GET "/" for 127.0.0.1 at 2016-05-27 08:58:37 -0300
  [1m[36mActiveRecord::SchemaMigration Load (0.4ms)[0m  [1mSELECT "schema_migrations".* FROM "schema_migrations"[0m
Processing by UsersController#new as HTML
  Rendered users/_form.html.erb (36.3ms)
  Rendered users/new.html.erb within layouts/application (44.1ms)
Completed 500 Internal Server Error in 432ms (ActiveRecord: 4.1ms)

ActionView::Template::Error (couldn't find file 'patagonia_landing_fondo.png'):
    2: <html>
    3: <head>
    4:   <title>Patagonia</title>
    5:   <%= stylesheet_link_tag    'application', media: 'all', 'data-turbolinks-track' => true %>
    6:   <%= javascript_include_tag 'application', 'data-turbolinks-track' => true %>
    7:   <%= csrf_meta_tags %>
    8: </head>
  app/views/layouts/application.html.erb:5:in `_app_views_layouts_application_html_erb___500101100_80108970'


  Rendered /home/leo/.rvm/gems/ruby-head/gems/actionpack-4.2.1/lib/action_dispatch/middleware/templates/rescues/_source.erb (18.8ms)
  Rendered /home/leo/.rvm/gems/ruby-head/gems/actionpack-4.2.1/lib/action_dispatch/middleware/templates/rescues/_trace.html.erb (5.1ms)
  Rendered /home/leo/.rvm/gems/ruby-head/gems/actionpack-4.2.1/lib/action_dispatch/middleware/templates/rescues/_request_and_response.html.erb (1.0ms)
  Rendered /home/leo/.rvm/gems/ruby-head/gems/actionpack-4.2.1/lib/action_dispatch/middleware/templates/rescues/template_error.html.erb within rescues/layout (44.4ms)
  Rendered /home/leo/.rvm/gems/ruby-head/gems/web-console-2.3.0/lib/web_console/templates/_markup.html.erb (0.4ms)
  Rendered /home/leo/.rvm/gems/ruby-head/gems/web-console-2.3.0/lib/web_console/templates/_inner_console_markup.html.erb within layouts/inlined_string (0.3ms)
  Rendered /home/leo/.rvm/gems/ruby-head/gems/web-console-2.3.0/lib/web_console/templates/_prompt_box_markup.html.erb within layouts/inlined_string (0.3ms)
  Rendered /home/leo/.rvm/gems/ruby-head/gems/web-console-2.3.0/lib/web_console/templates/style.css.erb within layouts/inlined_string (0.3ms)
  Rendered /home/leo/.rvm/gems/ruby-head/gems/web-console-2.3.0/lib/web_console/templates/console.js.erb within layouts/javascript (19.3ms)
  Rendered /home/leo/.rvm/gems/ruby-head/gems/web-console-2.3.0/lib/web_console/templates/main.js.erb within layouts/javascript (0.3ms)
  Rendered /home/leo/.rvm/gems/ruby-head/gems/web-console-2.3.0/lib/web_console/templates/error_page.js.erb within layouts/javascript (0.6ms)
  Rendered /home/leo/.rvm/gems/ruby-head/gems/web-console-2.3.0/lib/web_console/templates/index.html.erb (38.4ms)


Started GET "/" for 127.0.0.1 at 2016-05-27 09:04:46 -0300
Processing by UsersController#new as HTML
  Rendered users/_form.html.erb (5.9ms)
  Rendered users/new.html.erb within layouts/application (7.4ms)
Completed 500 Internal Server Error in 16ms (ActiveRecord: 0.0ms)

ActionView::Template::Error (couldn't find file 'patagonia_landing_fondo.png'):
    2: <html>
    3: <head>
    4:   <title>Patagonia</title>
    5:   <%= stylesheet_link_tag    'application', media: 'all'%>
    6:   <%= javascript_include_tag 'application' %>
    7:   <%= csrf_meta_tags %>
    8: </head>
  app/views/layouts/application.html.erb:5:in `_app_views_layouts_application_html_erb___500101100_85469150'


  Rendered /home/leo/.rvm/gems/ruby-head/gems/actionpack-4.2.1/lib/action_dispatch/middleware/templates/rescues/_source.erb (13.4ms)
  Rendered /home/leo/.rvm/gems/ruby-head/gems/actionpack-4.2.1/lib/action_dispatch/middleware/templates/rescues/_trace.html.erb (5.4ms)
  Rendered /home/leo/.rvm/gems/ruby-head/gems/actionpack-4.2.1/lib/action_dispatch/middleware/templates/rescues/_request_and_response.html.erb (1.0ms)
  Rendered /home/leo/.rvm/gems/ruby-head/gems/actionpack-4.2.1/lib/action_dispatch/middleware/templates/rescues/template_error.html.erb within rescues/layout (35.7ms)
  Rendered /home/leo/.rvm/gems/ruby-head/gems/web-console-2.3.0/lib/web_console/templates/_markup.html.erb (0.3ms)
  Rendered /home/leo/.rvm/gems/ruby-head/gems/web-console-2.3.0/lib/web_console/templates/_inner_console_markup.html.erb within layouts/inlined_string (0.3ms)
  Rendered /home/leo/.rvm/gems/ruby-head/gems/web-console-2.3.0/lib/web_console/templates/_prompt_box_markup.html.erb within layouts/inlined_string (0.2ms)
  Rendered /home/leo/.rvm/gems/ruby-head/gems/web-console-2.3.0/lib/web_console/templates/style.css.erb within layouts/inlined_string (0.3ms)
  Rendered /home/leo/.rvm/gems/ruby-head/gems/web-console-2.3.0/lib/web_console/templates/console.js.erb within layouts/javascript (17.8ms)
  Rendered /home/leo/.rvm/gems/ruby-head/gems/web-console-2.3.0/lib/web_console/templates/main.js.erb within layouts/javascript (0.3ms)
  Rendered /home/leo/.rvm/gems/ruby-head/gems/web-console-2.3.0/lib/web_console/templates/error_page.js.erb within layouts/javascript (0.4ms)
  Rendered /home/leo/.rvm/gems/ruby-head/gems/web-console-2.3.0/lib/web_console/templates/index.html.erb (36.2ms)


Started GET "/" for 127.0.0.1 at 2016-05-27 09:09:59 -0300
Processing by UsersController#new as HTML
  Rendered users/_form.html.erb (4.7ms)
  Rendered users/new.html.erb within layouts/application (5.4ms)
Completed 500 Internal Server Error in 13ms (ActiveRecord: 0.0ms)

ActionView::Template::Error (couldn't find file 'patagonia_landing_fondo.png'):
    2: <html>
    3: <head>
    4:   <title>Patagonia</title>
    5:   <%= stylesheet_link_tag    'application', media: 'all', 'data-turbolinks-track' => true %>
    6:   <%= javascript_include_tag 'application', 'data-turbolinks-track' => true %>
    7:   <%= csrf_meta_tags %>
    8: </head>
  app/views/layouts/application.html.erb:5:in `_app_views_layouts_application_html_erb___500101100__640408278'


  Rendered /home/leo/.rvm/gems/ruby-head/gems/actionpack-4.2.1/lib/action_dispatch/middleware/templates/rescues/_source.erb (20.7ms)
  Rendered /home/leo/.rvm/gems/ruby-head/gems/actionpack-4.2.1/lib/action_dispatch/middleware/templates/rescues/_trace.html.erb (6.7ms)
  Rendered /home/leo/.rvm/gems/ruby-head/gems/actionpack-4.2.1/lib/action_dispatch/middleware/templates/rescues/_request_and_response.html.erb (1.1ms)
  Rendered /home/leo/.rvm/gems/ruby-head/gems/actionpack-4.2.1/lib/action_dispatch/middleware/templates/rescues/template_error.html.erb within rescues/layout (44.6ms)
  Rendered /home/leo/.rvm/gems/ruby-head/gems/web-console-2.3.0/lib/web_console/templates/_markup.html.erb (0.3ms)
  Rendered /home/leo/.rvm/gems/ruby-head/gems/web-console-2.3.0/lib/web_console/templates/_inner_console_markup.html.erb within layouts/inlined_string (0.4ms)
  Rendered /home/leo/.rvm/gems/ruby-head/gems/web-console-2.3.0/lib/web_console/templates/_prompt_box_markup.html.erb within layouts/inlined_string (0.4ms)
  Rendered /home/leo/.rvm/gems/ruby-head/gems/web-console-2.3.0/lib/web_console/templates/style.css.erb within layouts/inlined_string (0.3ms)
  Rendered /home/leo/.rvm/gems/ruby-head/gems/web-console-2.3.0/lib/web_console/templates/console.js.erb within layouts/javascript (19.3ms)
  Rendered /home/leo/.rvm/gems/ruby-head/gems/web-console-2.3.0/lib/web_console/templates/main.js.erb within layouts/javascript (0.3ms)
  Rendered /home/leo/.rvm/gems/ruby-head/gems/web-console-2.3.0/lib/web_console/templates/error_page.js.erb within layouts/javascript (0.5ms)
  Rendered /home/leo/.rvm/gems/ruby-head/gems/web-console-2.3.0/lib/web_console/templates/index.html.erb (37.8ms)


Started GET "/" for 127.0.0.1 at 2016-05-27 09:10:13 -0300
Processing by UsersController#new as HTML
  Rendered users/_form.html.erb (8.3ms)
  Rendered users/new.html.erb within layouts/application (9.2ms)
Completed 500 Internal Server Error in 23ms (ActiveRecord: 0.0ms)

ActionView::Template::Error (couldn't find file '/images/patagonia_landing_fondo.png'):
    2: <html>
    3: <head>
    4:   <title>Patagonia</title>
    5:   <%= stylesheet_link_tag    'application', media: 'all', 'data-turbolinks-track' => true %>
    6:   <%= javascript_include_tag 'application', 'data-turbolinks-track' => true %>
    7:   <%= csrf_meta_tags %>
    8: </head>
  app/views/layouts/application.html.erb:5:in `_app_views_layouts_application_html_erb___500101100__640408278'


  Rendered /home/leo/.rvm/gems/ruby-head/gems/actionpack-4.2.1/lib/action_dispatch/middleware/templates/rescues/_source.erb (13.6ms)
  Rendered /home/leo/.rvm/gems/ruby-head/gems/actionpack-4.2.1/lib/action_dispatch/middleware/templates/rescues/_trace.html.erb (4.9ms)
  Rendered /home/leo/.rvm/gems/ruby-head/gems/actionpack-4.2.1/lib/action_dispatch/middleware/templates/rescues/_request_and_response.html.erb (1.1ms)
  Rendered /home/leo/.rvm/gems/ruby-head/gems/actionpack-4.2.1/lib/action_dispatch/middleware/templates/rescues/template_error.html.erb within rescues/layout (35.2ms)
  Rendered /home/leo/.rvm/gems/ruby-head/gems/web-console-2.3.0/lib/web_console/templates/_markup.html.erb (0.3ms)
  Rendered /home/leo/.rvm/gems/ruby-head/gems/web-console-2.3.0/lib/web_console/templates/_inner_console_markup.html.erb within layouts/inlined_string (0.3ms)
  Rendered /home/leo/.rvm/gems/ruby-head/gems/web-console-2.3.0/lib/web_console/templates/_prompt_box_markup.html.erb within layouts/inlined_string (0.2ms)
  Rendered /home/leo/.rvm/gems/ruby-head/gems/web-console-2.3.0/lib/web_console/templates/style.css.erb within layouts/inlined_string (0.6ms)
  Rendered /home/leo/.rvm/gems/ruby-head/gems/web-console-2.3.0/lib/web_console/templates/console.js.erb within layouts/javascript (23.2ms)
  Rendered /home/leo/.rvm/gems/ruby-head/gems/web-console-2.3.0/lib/web_console/templates/main.js.erb within layouts/javascript (0.3ms)
  Rendered /home/leo/.rvm/gems/ruby-head/gems/web-console-2.3.0/lib/web_console/templates/error_page.js.erb within layouts/javascript (0.4ms)
  Rendered /home/leo/.rvm/gems/ruby-head/gems/web-console-2.3.0/lib/web_console/templates/index.html.erb (41.3ms)


Started GET "/" for 127.0.0.1 at 2016-05-27 09:31:50 -0300
Processing by UsersController#new as HTML
  Rendered users/_form.html.erb (5.2ms)
  Rendered users/new.html.erb within layouts/application (5.8ms)
Completed 500 Internal Server Error in 121ms (ActiveRecord: 0.0ms)

ActionView::Template::Error (couldn't find file 'bootstrap' with type 'application/javascript'):
    2: <html>
    3: <head>
    4:   <title>Patagonia</title>
    5:   <%= stylesheet_link_tag    'application', media: 'all', 'data-turbolinks-track' => true %>
    6:   <%= javascript_include_tag 'application', 'data-turbolinks-track' => true %>
    7:   <%= csrf_meta_tags %>
    8: </head>
  app/assets/javascripts/application.js:15
  app/views/layouts/application.html.erb:5:in `_app_views_layouts_application_html_erb___500101100__640408278'


  Rendered /home/leo/.rvm/gems/ruby-head/gems/actionpack-4.2.1/lib/action_dispatch/middleware/templates/rescues/_source.erb (13.2ms)
  Rendered /home/leo/.rvm/gems/ruby-head/gems/actionpack-4.2.1/lib/action_dispatch/middleware/templates/rescues/_trace.html.erb (4.5ms)
  Rendered /home/leo/.rvm/gems/ruby-head/gems/actionpack-4.2.1/lib/action_dispatch/middleware/templates/rescues/_request_and_response.html.erb (1.4ms)
  Rendered /home/leo/.rvm/gems/ruby-head/gems/actionpack-4.2.1/lib/action_dispatch/middleware/templates/rescues/template_error.html.erb within rescues/layout (35.7ms)
  Rendered /home/leo/.rvm/gems/ruby-head/gems/web-console-2.3.0/lib/web_console/templates/_markup.html.erb (0.4ms)
  Rendered /home/leo/.rvm/gems/ruby-head/gems/web-console-2.3.0/lib/web_console/templates/_inner_console_markup.html.erb within layouts/inlined_string (0.3ms)
  Rendered /home/leo/.rvm/gems/ruby-head/gems/web-console-2.3.0/lib/web_console/templates/_prompt_box_markup.html.erb within layouts/inlined_string (0.4ms)
  Rendered /home/leo/.rvm/gems/ruby-head/gems/web-console-2.3.0/lib/web_console/templates/style.css.erb within layouts/inlined_string (0.5ms)
  Rendered /home/leo/.rvm/gems/ruby-head/gems/web-console-2.3.0/lib/web_console/templates/console.js.erb within layouts/javascript (20.6ms)
  Rendered /home/leo/.rvm/gems/ruby-head/gems/web-console-2.3.0/lib/web_console/templates/main.js.erb within layouts/javascript (0.3ms)
  Rendered /home/leo/.rvm/gems/ruby-head/gems/web-console-2.3.0/lib/web_console/templates/error_page.js.erb within layouts/javascript (0.6ms)
  Rendered /home/leo/.rvm/gems/ruby-head/gems/web-console-2.3.0/lib/web_console/templates/index.html.erb (40.0ms)


Started GET "/" for 127.0.0.1 at 2016-05-27 09:33:03 -0300
  [1m[36mActiveRecord::SchemaMigration Load (0.5ms)[0m  [1mSELECT "schema_migrations".* FROM "schema_migrations"[0m
Processing by UsersController#new as HTML
  Rendered users/_form.html.erb (34.5ms)
  Rendered users/new.html.erb within layouts/application (47.1ms)
Completed 200 OK in 586ms (Views: 548.3ms | ActiveRecord: 4.2ms)


Started GET "/assets/users.self-e3b0c44298fc1c149afbf4c8996fb92427ae41e4649b934ca495991b7852b855.css?body=1" for 127.0.0.1 at 2016-05-27 09:33:04 -0300


Started GET "/assets/scaffolds.self-4e843f1e33cf9b1b436d84d595fc9016fcb2bfa585d53323bf05be101aefc792.css?body=1" for 127.0.0.1 at 2016-05-27 09:33:04 -0300


Started GET "/assets/bootstrap.self-6c92f650931beefe48977f272b7015d6b9b45da8b09831ebf88e05193c12d355.js?body=1" for 127.0.0.1 at 2016-05-27 09:33:04 -0300


Started GET "/assets/jquery.self-660adc51e0224b731d29f575a6f1ec167ba08ad06ed5deca4f1e8654c135bf4c.js?body=1" for 127.0.0.1 at 2016-05-27 09:33:04 -0300


Started GET "/assets/jquery_ujs.self-e87806d0cf4489aeb1bb7288016024e8de67fd18db693fe026fe3907581e53cd.js?body=1" for 127.0.0.1 at 2016-05-27 09:33:04 -0300


Started GET "/assets/turbolinks.self-c37727e9bd6b2735da5c311aa83fead54ed0be6cc8bd9a65309e9c5abe2cbfff.js?body=1" for 127.0.0.1 at 2016-05-27 09:33:04 -0300


Started GET "/assets/users.self-877aef30ae1b040ab8a3aba4e3e309a11d7f2612f44dde450b5c157aa5f95c05.js?body=1" for 127.0.0.1 at 2016-05-27 09:33:04 -0300


Started GET "/assets/application.self-672ee214f55bb3cab88e4085d588d8b324f3a370231e82eaa7f4571e3dcc2aaf.css?body=1" for 127.0.0.1 at 2016-05-27 09:33:04 -0300


Started GET "/assets/application.self-f8806224e027f3e3f0138ea9ce99319e298dfdb323304d1f1be6eae8e8c74724.js?body=1" for 127.0.0.1 at 2016-05-27 09:33:04 -0300


Started GET "/" for 127.0.0.1 at 2016-05-27 09:40:35 -0300
Processing by UsersController#new as HTML
  Rendered users/_form.html.erb (13.1ms)
  Rendered users/new.html.erb within layouts/application (14.6ms)
Completed 200 OK in 73ms (Views: 70.1ms | ActiveRecord: 0.0ms)


Started GET "/" for 127.0.0.1 at 2016-05-27 09:40:37 -0300
Processing by UsersController#new as HTML
  Rendered users/_form.html.erb (5.4ms)
  Rendered users/new.html.erb within layouts/application (5.9ms)
Completed 200 OK in 27ms (Views: 26.8ms | ActiveRecord: 0.0ms)


Started GET "/" for 127.0.0.1 at 2016-05-27 09:41:47 -0300
Processing by UsersController#new as HTML
  Rendered users/_form.html.erb (7.8ms)
  Rendered users/new.html.erb within layouts/application (8.5ms)
Completed 200 OK in 3563ms (Views: 3562.4ms | ActiveRecord: 0.0ms)


Started GET "/assets/application.self-a3702358b8636af98bb5811b6a23fb44ca1da2ece9aac544eb216baead5142a6.css?body=1" for 127.0.0.1 at 2016-05-27 09:41:51 -0300


Started GET "/" for 127.0.0.1 at 2016-05-27 09:44:49 -0300
Processing by UsersController#new as HTML
  Rendered users/_form.html.erb (5.6ms)
  Rendered users/new.html.erb within layouts/application (6.5ms)
Completed 500 Internal Server Error in 847ms (ActiveRecord: 0.0ms)

ActionView::Template::Error (couldn't find file 'img_lupolo.png'):
    2: <html>
    3: <head>
    4:   <title>Patagonia</title>
    5:   <%= stylesheet_link_tag    'application', media: 'all', 'data-turbolinks-track' => true %>
    6:   <%= javascript_include_tag 'application', 'data-turbolinks-track' => true %>
    7:   <%= csrf_meta_tags %>
    8: </head>
  app/views/layouts/application.html.erb:5:in `_app_views_layouts_application_html_erb__1002516500_69197220'


  Rendered /home/leo/.rvm/gems/ruby-head/gems/actionpack-4.2.1/lib/action_dispatch/middleware/templates/rescues/_source.erb (14.5ms)
  Rendered /home/leo/.rvm/gems/ruby-head/gems/actionpack-4.2.1/lib/action_dispatch/middleware/templates/rescues/_trace.html.erb (5.1ms)
  Rendered /home/leo/.rvm/gems/ruby-head/gems/actionpack-4.2.1/lib/action_dispatch/middleware/templates/rescues/_request_and_response.html.erb (1.0ms)
  Rendered /home/leo/.rvm/gems/ruby-head/gems/actionpack-4.2.1/lib/action_dispatch/middleware/templates/rescues/template_error.html.erb within rescues/layout (36.3ms)
  Rendered /home/leo/.rvm/gems/ruby-head/gems/web-console-2.3.0/lib/web_console/templates/_markup.html.erb (0.4ms)
  Rendered /home/leo/.rvm/gems/ruby-head/gems/web-console-2.3.0/lib/web_console/templates/_inner_console_markup.html.erb within layouts/inlined_string (0.4ms)
  Rendered /home/leo/.rvm/gems/ruby-head/gems/web-console-2.3.0/lib/web_console/templates/_prompt_box_markup.html.erb within layouts/inlined_string (0.4ms)
  Rendered /home/leo/.rvm/gems/ruby-head/gems/web-console-2.3.0/lib/web_console/templates/style.css.erb within layouts/inlined_string (0.4ms)
  Rendered /home/leo/.rvm/gems/ruby-head/gems/web-console-2.3.0/lib/web_console/templates/console.js.erb within layouts/javascript (18.9ms)
  Rendered /home/leo/.rvm/gems/ruby-head/gems/web-console-2.3.0/lib/web_console/templates/main.js.erb within layouts/javascript (0.3ms)
  Rendered /home/leo/.rvm/gems/ruby-head/gems/web-console-2.3.0/lib/web_console/templates/error_page.js.erb within layouts/javascript (0.3ms)
  Rendered /home/leo/.rvm/gems/ruby-head/gems/web-console-2.3.0/lib/web_console/templates/index.html.erb (37.3ms)


Started GET "/" for 127.0.0.1 at 2016-05-27 09:45:02 -0300
Processing by UsersController#new as HTML
  Rendered users/_form.html.erb (8.3ms)
  Rendered users/new.html.erb within layouts/application (9.0ms)
Completed 200 OK in 1959ms (Views: 1958.4ms | ActiveRecord: 0.0ms)


Started GET "/assets/application.self-3e276931b791bc35cff74b8f930f0ec5d92e561f7c41a1a342d3ca5fa8f7320d.css?body=1" for 127.0.0.1 at 2016-05-27 09:45:04 -0300


Started GET "/" for 127.0.0.1 at 2016-05-27 09:45:18 -0300
Processing by UsersController#new as HTML
  Rendered users/_form.html.erb (9.7ms)
  Rendered users/new.html.erb within layouts/application (11.4ms)
Completed 200 OK in 72ms (Views: 71.4ms | ActiveRecord: 0.0ms)


Started GET "/assets/scaffolds.self-4e843f1e33cf9b1b436d84d595fc9016fcb2bfa585d53323bf05be101aefc792.css?body=1" for 127.0.0.1 at 2016-05-27 09:45:18 -0300


Started GET "/assets/users.self-e3b0c44298fc1c149afbf4c8996fb92427ae41e4649b934ca495991b7852b855.css?body=1" for 127.0.0.1 at 2016-05-27 09:45:18 -0300


Started GET "/assets/application.self-3e276931b791bc35cff74b8f930f0ec5d92e561f7c41a1a342d3ca5fa8f7320d.css?body=1" for 127.0.0.1 at 2016-05-27 09:45:18 -0300


Started GET "/assets/jquery_ujs.self-e87806d0cf4489aeb1bb7288016024e8de67fd18db693fe026fe3907581e53cd.js?body=1" for 127.0.0.1 at 2016-05-27 09:45:18 -0300


Started GET "/assets/bootstrap.self-6c92f650931beefe48977f272b7015d6b9b45da8b09831ebf88e05193c12d355.js?body=1" for 127.0.0.1 at 2016-05-27 09:45:18 -0300


Started GET "/assets/turbolinks.self-c37727e9bd6b2735da5c311aa83fead54ed0be6cc8bd9a65309e9c5abe2cbfff.js?body=1" for 127.0.0.1 at 2016-05-27 09:45:18 -0300


Started GET "/assets/jquery.self-660adc51e0224b731d29f575a6f1ec167ba08ad06ed5deca4f1e8654c135bf4c.js?body=1" for 127.0.0.1 at 2016-05-27 09:45:18 -0300


Started GET "/assets/application.self-f8806224e027f3e3f0138ea9ce99319e298dfdb323304d1f1be6eae8e8c74724.js?body=1" for 127.0.0.1 at 2016-05-27 09:45:18 -0300


Started GET "/assets/users.self-877aef30ae1b040ab8a3aba4e3e309a11d7f2612f44dde450b5c157aa5f95c05.js?body=1" for 127.0.0.1 at 2016-05-27 09:45:18 -0300


Started GET "/" for 127.0.0.1 at 2016-05-27 09:46:31 -0300
Processing by UsersController#new as HTML
  Rendered users/_form.html.erb (9.3ms)
  Rendered users/new.html.erb within layouts/application (10.6ms)
Completed 200 OK in 2066ms (Views: 2064.9ms | ActiveRecord: 0.0ms)


Started GET "/" for 127.0.0.1 at 2016-05-27 09:46:59 -0300
Processing by UsersController#new as HTML
  Rendered users/_form.html.erb (5.2ms)
  Rendered users/new.html.erb within layouts/application (6.3ms)
Completed 200 OK in 2008ms (Views: 2007.7ms | ActiveRecord: 0.0ms)


Started GET "/assets/application.self-30470e89cce1a7e4ed3cbe909f0b6208a6257ba63267d03aaf193ea5fdfc3630.css?body=1" for 127.0.0.1 at 2016-05-27 09:47:01 -0300


Started GET "/" for 127.0.0.1 at 2016-05-27 09:47:45 -0300
Processing by UsersController#new as HTML
  Rendered users/_form.html.erb (4.9ms)
  Rendered users/new.html.erb within layouts/application (5.4ms)
Completed 200 OK in 2191ms (Views: 2189.8ms | ActiveRecord: 0.0ms)


Started GET "/assets/application.self-fe604b5f15020d7c141b61d447850d5de079da73aaecabbb5514cf73ebb21522.css?body=1" for 127.0.0.1 at 2016-05-27 09:47:48 -0300


Started GET "/" for 127.0.0.1 at 2016-05-27 09:48:33 -0300
Processing by UsersController#new as HTML
  Rendered users/_form.html.erb (5.1ms)
  Rendered users/new.html.erb within layouts/application (5.5ms)
Completed 200 OK in 1937ms (Views: 1936.3ms | ActiveRecord: 0.0ms)


Started GET "/assets/application.self-5d096e5ef02fd5e262a60ee66b135ac8dc4bdecd281f0e9c290ef3c0b66a49b9.css?body=1" for 127.0.0.1 at 2016-05-27 09:48:35 -0300


Started GET "/" for 127.0.0.1 at 2016-05-27 09:50:03 -0300
Processing by UsersController#new as HTML
  Rendered users/_form.html.erb (5.2ms)
  Rendered users/new.html.erb within layouts/application (6.1ms)
Completed 200 OK in 39ms (Views: 38.1ms | ActiveRecord: 0.0ms)


Started GET "/" for 127.0.0.1 at 2016-05-27 09:51:43 -0300
Processing by UsersController#new as HTML
  Rendered users/_form.html.erb (4.7ms)
  Rendered users/new.html.erb within layouts/application (5.7ms)
Completed 200 OK in 2060ms (Views: 2059.0ms | ActiveRecord: 0.0ms)


Started GET "/assets/application.self-d71c1bcff1567d19283792bfccb76cc079f5c6489905fd170c3fbf555ea08cf1.css?body=1" for 127.0.0.1 at 2016-05-27 09:51:45 -0300


Started GET "/" for 127.0.0.1 at 2016-05-27 09:52:40 -0300
Processing by UsersController#new as HTML
  Rendered users/_form.html.erb (5.9ms)
  Rendered users/new.html.erb within layouts/application (6.4ms)
Completed 200 OK in 36ms (Views: 35.7ms | ActiveRecord: 0.0ms)


Started GET "/" for 127.0.0.1 at 2016-05-27 09:53:35 -0300
Processing by UsersController#new as HTML
  Rendered users/_form.html.erb (5.6ms)
  Rendered users/new.html.erb within layouts/application (6.9ms)
Completed 200 OK in 53ms (Views: 51.6ms | ActiveRecord: 0.0ms)


Started GET "/" for 127.0.0.1 at 2016-05-27 10:01:11 -0300
Processing by UsersController#new as HTML
  Rendered users/_form.html.erb (7.9ms)
  Rendered users/new.html.erb within layouts/application (8.7ms)
Completed 200 OK in 60ms (Views: 59.1ms | ActiveRecord: 0.0ms)


Started GET "/" for 127.0.0.1 at 2016-05-27 10:06:51 -0300
Processing by UsersController#new as HTML
  Rendered users/_form.html.erb (4.3ms)
  Rendered users/new.html.erb within layouts/application (4.9ms)
Completed 200 OK in 38ms (Views: 37.1ms | ActiveRecord: 0.0ms)


Started GET "/assets/scaffolds.self-4e843f1e33cf9b1b436d84d595fc9016fcb2bfa585d53323bf05be101aefc792.css?body=1" for 127.0.0.1 at 2016-05-27 10:06:52 -0300


Started GET "/assets/users.self-e3b0c44298fc1c149afbf4c8996fb92427ae41e4649b934ca495991b7852b855.css?body=1" for 127.0.0.1 at 2016-05-27 10:06:52 -0300


Started GET "/assets/jquery.self-660adc51e0224b731d29f575a6f1ec167ba08ad06ed5deca4f1e8654c135bf4c.js?body=1" for 127.0.0.1 at 2016-05-27 10:06:52 -0300


Started GET "/assets/application.self-d71c1bcff1567d19283792bfccb76cc079f5c6489905fd170c3fbf555ea08cf1.css?body=1" for 127.0.0.1 at 2016-05-27 10:06:52 -0300


Started GET "/assets/jquery_ujs.self-e87806d0cf4489aeb1bb7288016024e8de67fd18db693fe026fe3907581e53cd.js?body=1" for 127.0.0.1 at 2016-05-27 10:06:52 -0300


Started GET "/assets/turbolinks.self-c37727e9bd6b2735da5c311aa83fead54ed0be6cc8bd9a65309e9c5abe2cbfff.js?body=1" for 127.0.0.1 at 2016-05-27 10:06:52 -0300


Started GET "/assets/bootstrap.self-6c92f650931beefe48977f272b7015d6b9b45da8b09831ebf88e05193c12d355.js?body=1" for 127.0.0.1 at 2016-05-27 10:06:52 -0300


Started GET "/assets/users.self-877aef30ae1b040ab8a3aba4e3e309a11d7f2612f44dde450b5c157aa5f95c05.js?body=1" for 127.0.0.1 at 2016-05-27 10:06:52 -0300


Started GET "/assets/application.self-f8806224e027f3e3f0138ea9ce99319e298dfdb323304d1f1be6eae8e8c74724.js?body=1" for 127.0.0.1 at 2016-05-27 10:06:52 -0300


Started GET "/" for 127.0.0.1 at 2016-05-27 10:08:03 -0300
Processing by UsersController#new as HTML
  Rendered users/_form.html.erb (6.7ms)
  Rendered users/new.html.erb within layouts/application (7.5ms)
Completed 200 OK in 60ms (Views: 58.8ms | ActiveRecord: 0.0ms)


Started GET "/assets/scaffolds.self-4e843f1e33cf9b1b436d84d595fc9016fcb2bfa585d53323bf05be101aefc792.css?body=1" for 127.0.0.1 at 2016-05-27 10:08:03 -0300


Started GET "/assets/application.self-d71c1bcff1567d19283792bfccb76cc079f5c6489905fd170c3fbf555ea08cf1.css?body=1" for 127.0.0.1 at 2016-05-27 10:08:03 -0300


Started GET "/assets/jquery.self-660adc51e0224b731d29f575a6f1ec167ba08ad06ed5deca4f1e8654c135bf4c.js?body=1" for 127.0.0.1 at 2016-05-27 10:08:03 -0300


Started GET "/assets/jquery_ujs.self-e87806d0cf4489aeb1bb7288016024e8de67fd18db693fe026fe3907581e53cd.js?body=1" for 127.0.0.1 at 2016-05-27 10:08:03 -0300


Started GET "/assets/bootstrap.self-6c92f650931beefe48977f272b7015d6b9b45da8b09831ebf88e05193c12d355.js?body=1" for 127.0.0.1 at 2016-05-27 10:08:03 -0300


Started GET "/assets/users.self-e3b0c44298fc1c149afbf4c8996fb92427ae41e4649b934ca495991b7852b855.css?body=1" for 127.0.0.1 at 2016-05-27 10:08:03 -0300


Started GET "/assets/turbolinks.self-c37727e9bd6b2735da5c311aa83fead54ed0be6cc8bd9a65309e9c5abe2cbfff.js?body=1" for 127.0.0.1 at 2016-05-27 10:08:03 -0300


Started GET "/assets/application.self-f8806224e027f3e3f0138ea9ce99319e298dfdb323304d1f1be6eae8e8c74724.js?body=1" for 127.0.0.1 at 2016-05-27 10:08:03 -0300


Started GET "/assets/users.self-877aef30ae1b040ab8a3aba4e3e309a11d7f2612f44dde450b5c157aa5f95c05.js?body=1" for 127.0.0.1 at 2016-05-27 10:08:03 -0300


Started GET "/" for 127.0.0.1 at 2016-05-27 10:10:55 -0300
Processing by UsersController#new as HTML
  Rendered users/_form.html.erb (9.3ms)
  Rendered users/new.html.erb within layouts/application (10.0ms)
Completed 200 OK in 2672ms (Views: 2671.4ms | ActiveRecord: 0.0ms)


Started GET "/assets/application.self-1fa23aa65b94b4b18d06427f0641fc775cd2bc256ba01b658bb3d69c08224a44.css?body=1" for 127.0.0.1 at 2016-05-27 10:10:58 -0300


Started GET "/" for 127.0.0.1 at 2016-05-27 10:11:08 -0300
Processing by UsersController#new as HTML
  Rendered users/_form.html.erb (5.0ms)
  Rendered users/new.html.erb within layouts/application (6.3ms)
Completed 200 OK in 58ms (Views: 56.6ms | ActiveRecord: 0.0ms)


Started GET "/assets/scaffolds.self-4e843f1e33cf9b1b436d84d595fc9016fcb2bfa585d53323bf05be101aefc792.css?body=1" for 127.0.0.1 at 2016-05-27 10:11:08 -0300


Started GET "/assets/users.self-e3b0c44298fc1c149afbf4c8996fb92427ae41e4649b934ca495991b7852b855.css?body=1" for 127.0.0.1 at 2016-05-27 10:11:08 -0300


Started GET "/assets/jquery.self-660adc51e0224b731d29f575a6f1ec167ba08ad06ed5deca4f1e8654c135bf4c.js?body=1" for 127.0.0.1 at 2016-05-27 10:11:08 -0300


Started GET "/assets/application.self-1fa23aa65b94b4b18d06427f0641fc775cd2bc256ba01b658bb3d69c08224a44.css?body=1" for 127.0.0.1 at 2016-05-27 10:11:08 -0300


Started GET "/assets/jquery_ujs.self-e87806d0cf4489aeb1bb7288016024e8de67fd18db693fe026fe3907581e53cd.js?body=1" for 127.0.0.1 at 2016-05-27 10:11:08 -0300


Started GET "/assets/bootstrap.self-6c92f650931beefe48977f272b7015d6b9b45da8b09831ebf88e05193c12d355.js?body=1" for 127.0.0.1 at 2016-05-27 10:11:08 -0300


Started GET "/assets/users.self-877aef30ae1b040ab8a3aba4e3e309a11d7f2612f44dde450b5c157aa5f95c05.js?body=1" for 127.0.0.1 at 2016-05-27 10:11:08 -0300


Started GET "/assets/application.self-f8806224e027f3e3f0138ea9ce99319e298dfdb323304d1f1be6eae8e8c74724.js?body=1" for 127.0.0.1 at 2016-05-27 10:11:08 -0300


Started GET "/assets/turbolinks.self-c37727e9bd6b2735da5c311aa83fead54ed0be6cc8bd9a65309e9c5abe2cbfff.js?body=1" for 127.0.0.1 at 2016-05-27 10:11:08 -0300


Started GET "/" for 127.0.0.1 at 2016-05-27 10:12:29 -0300
Processing by UsersController#new as HTML
  Rendered users/_form.html.erb (2.7ms)
  Rendered users/new.html.erb within layouts/application (3.5ms)
Completed 200 OK in 33ms (Views: 32.7ms | ActiveRecord: 0.0ms)


Started GET "/" for 127.0.0.1 at 2016-05-27 10:13:01 -0300
Processing by UsersController#new as HTML
  Rendered users/_form.html.erb (2.7ms)
  Rendered users/new.html.erb within layouts/application (3.1ms)
Completed 200 OK in 1895ms (Views: 1894.8ms | ActiveRecord: 0.0ms)


Started GET "/assets/application.self-e89cb31c75fd1108d04ae2432e7a9159bd5ebd9ac56090ab85119d344c27cfbd.css?body=1" for 127.0.0.1 at 2016-05-27 10:13:03 -0300


Started GET "/" for 127.0.0.1 at 2016-05-27 10:16:57 -0300
Processing by UsersController#new as HTML
  Rendered users/_form.html.erb (3.2ms)
  Rendered users/new.html.erb within layouts/application (3.8ms)
Completed 200 OK in 37ms (Views: 36.1ms | ActiveRecord: 0.0ms)


Started GET "/" for 127.0.0.1 at 2016-05-27 10:19:15 -0300
Processing by UsersController#new as HTML
  Rendered users/_form.html.erb (4.4ms)
  Rendered users/new.html.erb within layouts/application (5.7ms)
Completed 200 OK in 2115ms (Views: 2113.7ms | ActiveRecord: 0.0ms)


Started GET "/assets/application.self-10ce379e25f5f22519af18b6cb4a570b7343652c978e86d7e855e310670203f2.css?body=1" for 127.0.0.1 at 2016-05-27 10:19:18 -0300


Started GET "/" for 127.0.0.1 at 2016-05-27 10:19:34 -0300
Processing by UsersController#new as HTML
  Rendered users/_form.html.erb (3.4ms)
  Rendered users/new.html.erb within layouts/application (5.5ms)
Completed 200 OK in 51ms (Views: 50.0ms | ActiveRecord: 0.0ms)


Started GET "/" for 127.0.0.1 at 2016-05-27 10:20:09 -0300
Processing by UsersController#new as HTML
  Rendered users/_form.html.erb (6.6ms)
  Rendered users/new.html.erb within layouts/application (7.4ms)
Completed 200 OK in 58ms (Views: 57.2ms | ActiveRecord: 0.0ms)


Started GET "/" for 127.0.0.1 at 2016-05-27 10:26:54 -0300
Processing by UsersController#new as HTML
  Rendered users/_form.html.erb (21.6ms)
  Rendered users/new.html.erb within layouts/application (23.0ms)
Completed 200 OK in 58ms (Views: 57.8ms | ActiveRecord: 0.0ms)


Started GET "/" for 127.0.0.1 at 2016-05-27 10:28:15 -0300
Processing by UsersController#new as HTML
  Rendered users/_form.html.erb (5.6ms)
  Rendered users/new.html.erb within layouts/application (6.1ms)
Completed 200 OK in 40ms (Views: 39.7ms | ActiveRecord: 0.0ms)


Started GET "/" for 127.0.0.1 at 2016-05-27 10:28:49 -0300
Processing by UsersController#new as HTML
  Rendered users/_form.html.erb (6.0ms)
  Rendered users/new.html.erb within layouts/application (6.8ms)
Completed 200 OK in 42ms (Views: 40.9ms | ActiveRecord: 0.0ms)


Started GET "/" for 127.0.0.1 at 2016-05-27 10:29:10 -0300
Processing by UsersController#new as HTML
  Rendered users/_form.html.erb (4.8ms)
  Rendered users/new.html.erb within layouts/application (5.8ms)
Completed 200 OK in 39ms (Views: 38.4ms | ActiveRecord: 0.0ms)


Started GET "/" for 127.0.0.1 at 2016-05-27 10:29:14 -0300
Processing by UsersController#new as HTML
  Rendered users/_form.html.erb (4.5ms)
  Rendered users/new.html.erb within layouts/application (5.1ms)
Completed 200 OK in 38ms (Views: 37.2ms | ActiveRecord: 0.0ms)


Started GET "/" for 127.0.0.1 at 2016-05-27 10:30:20 -0300
Processing by UsersController#new as HTML
  Rendered users/_form.html.erb (4.3ms)
  Rendered users/new.html.erb within layouts/application (5.6ms)
Completed 200 OK in 37ms (Views: 36.6ms | ActiveRecord: 0.0ms)


Started GET "/" for 127.0.0.1 at 2016-05-27 10:31:53 -0300
Processing by UsersController#new as HTML
  Rendered users/_form.html.erb (3.0ms)
  Rendered users/new.html.erb within layouts/application (3.6ms)
Completed 200 OK in 1905ms (Views: 1904.3ms | ActiveRecord: 0.0ms)


Started GET "/assets/application.self-b1d256628ba57eb3c39534d2e0b579ba02823399a1e05d371321f5ab8b733419.css?body=1" for 127.0.0.1 at 2016-05-27 10:31:55 -0300


Started GET "/" for 127.0.0.1 at 2016-05-27 11:08:13 -0300
Processing by UsersController#new as HTML
  Rendered users/_form.html.erb (3.2ms)
  Rendered users/new.html.erb within layouts/application (3.7ms)
Completed 200 OK in 2069ms (Views: 2068.3ms | ActiveRecord: 0.0ms)


Started GET "/assets/application.self-2641ff34a94ddf3c31c20e1feda9af63bbf10d501c48ffada67a00ee80f5bb86.css?body=1" for 127.0.0.1 at 2016-05-27 11:08:15 -0300


Started GET "/" for 127.0.0.1 at 2016-05-27 11:08:53 -0300
Processing by UsersController#new as HTML
  Rendered users/_form.html.erb (2.5ms)
  Rendered users/new.html.erb within layouts/application (3.0ms)
Completed 200 OK in 33ms (Views: 32.4ms | ActiveRecord: 0.0ms)


Started GET "/assets/scaffolds.self-4e843f1e33cf9b1b436d84d595fc9016fcb2bfa585d53323bf05be101aefc792.css?body=1" for 127.0.0.1 at 2016-05-27 11:08:53 -0300


Started GET "/assets/users.self-e3b0c44298fc1c149afbf4c8996fb92427ae41e4649b934ca495991b7852b855.css?body=1" for 127.0.0.1 at 2016-05-27 11:08:53 -0300


Started GET "/assets/bootstrap.self-6c92f650931beefe48977f272b7015d6b9b45da8b09831ebf88e05193c12d355.js?body=1" for 127.0.0.1 at 2016-05-27 11:08:53 -0300


Started GET "/assets/jquery_ujs.self-e87806d0cf4489aeb1bb7288016024e8de67fd18db693fe026fe3907581e53cd.js?body=1" for 127.0.0.1 at 2016-05-27 11:08:53 -0300


Started GET "/assets/jquery.self-660adc51e0224b731d29f575a6f1ec167ba08ad06ed5deca4f1e8654c135bf4c.js?body=1" for 127.0.0.1 at 2016-05-27 11:08:53 -0300


Started GET "/assets/application.self-2641ff34a94ddf3c31c20e1feda9af63bbf10d501c48ffada67a00ee80f5bb86.css?body=1" for 127.0.0.1 at 2016-05-27 11:08:53 -0300


Started GET "/assets/turbolinks.self-c37727e9bd6b2735da5c311aa83fead54ed0be6cc8bd9a65309e9c5abe2cbfff.js?body=1" for 127.0.0.1 at 2016-05-27 11:08:53 -0300


Started GET "/assets/users.self-877aef30ae1b040ab8a3aba4e3e309a11d7f2612f44dde450b5c157aa5f95c05.js?body=1" for 127.0.0.1 at 2016-05-27 11:08:53 -0300


Started GET "/assets/application.self-f8806224e027f3e3f0138ea9ce99319e298dfdb323304d1f1be6eae8e8c74724.js?body=1" for 127.0.0.1 at 2016-05-27 11:08:53 -0300


Started GET "/" for 127.0.0.1 at 2016-05-27 11:10:38 -0300
Processing by UsersController#new as HTML
  Rendered users/_form.html.erb (6.6ms)
  Rendered users/new.html.erb within layouts/application (7.5ms)
Completed 200 OK in 1915ms (Views: 1914.3ms | ActiveRecord: 0.0ms)


Started GET "/assets/application.self-33dbc07f9fcf510913cbcf69c27fabecb055933e9c81f644da698ea9a1bb11e0.css?body=1" for 127.0.0.1 at 2016-05-27 11:10:40 -0300


Started GET "/" for 127.0.0.1 at 2016-05-27 11:12:14 -0300
Processing by UsersController#new as HTML
  Rendered users/_form.html.erb (2.9ms)
  Rendered users/new.html.erb within layouts/application (3.4ms)
Completed 200 OK in 35ms (Views: 34.0ms | ActiveRecord: 0.0ms)


Started GET "/" for 127.0.0.1 at 2016-05-27 11:17:38 -0300
Processing by UsersController#new as HTML
  Rendered users/_form.html.erb (6.6ms)
  Rendered users/new.html.erb within layouts/application (7.4ms)
Completed 200 OK in 2341ms (Views: 2340.0ms | ActiveRecord: 0.0ms)


Started GET "/assets/bootstrap-datepicker.self-73e0b1c3ef6387a293396061f474c75d0977eb11cfa757cd9e46fd488c5614ff.css?body=1" for 127.0.0.1 at 2016-05-27 11:17:40 -0300


Started GET "/assets/bootstrap-datepicker.min.self-7ce41c707010697e2dea11b26b790797f1435723270a6f10e09be2ddfbfe8c51.js?body=1" for 127.0.0.1 at 2016-05-27 11:17:40 -0300


Started GET "/assets/users.self-c1995808c7c06218512d9be3549660842cf06c2c219baf302a7935bf7f269024.js?body=1" for 127.0.0.1 at 2016-05-27 11:17:40 -0300


Started GET "/" for 127.0.0.1 at 2016-05-27 11:20:57 -0300
Processing by UsersController#new as HTML
  Rendered users/_form.html.erb (3.0ms)
  Rendered users/new.html.erb within layouts/application (3.5ms)
Completed 200 OK in 38ms (Views: 37.3ms | ActiveRecord: 0.0ms)


Started GET "/assets/scaffolds.self-4e843f1e33cf9b1b436d84d595fc9016fcb2bfa585d53323bf05be101aefc792.css?body=1" for 127.0.0.1 at 2016-05-27 11:20:57 -0300


Started GET "/assets/users.self-e3b0c44298fc1c149afbf4c8996fb92427ae41e4649b934ca495991b7852b855.css?body=1" for 127.0.0.1 at 2016-05-27 11:20:57 -0300


Started GET "/assets/bootstrap-datepicker.self-73e0b1c3ef6387a293396061f474c75d0977eb11cfa757cd9e46fd488c5614ff.css?body=1" for 127.0.0.1 at 2016-05-27 11:20:57 -0300


Started GET "/assets/application.self-33dbc07f9fcf510913cbcf69c27fabecb055933e9c81f644da698ea9a1bb11e0.css?body=1" for 127.0.0.1 at 2016-05-27 11:20:57 -0300


Started GET "/assets/jquery.self-660adc51e0224b731d29f575a6f1ec167ba08ad06ed5deca4f1e8654c135bf4c.js?body=1" for 127.0.0.1 at 2016-05-27 11:20:57 -0300


Started GET "/assets/bootstrap-datepicker.min.self-7ce41c707010697e2dea11b26b790797f1435723270a6f10e09be2ddfbfe8c51.js?body=1" for 127.0.0.1 at 2016-05-27 11:20:57 -0300


Started GET "/assets/turbolinks.self-c37727e9bd6b2735da5c311aa83fead54ed0be6cc8bd9a65309e9c5abe2cbfff.js?body=1" for 127.0.0.1 at 2016-05-27 11:20:57 -0300


Started GET "/assets/bootstrap.self-6c92f650931beefe48977f272b7015d6b9b45da8b09831ebf88e05193c12d355.js?body=1" for 127.0.0.1 at 2016-05-27 11:20:57 -0300


Started GET "/assets/jquery_ujs.self-e87806d0cf4489aeb1bb7288016024e8de67fd18db693fe026fe3907581e53cd.js?body=1" for 127.0.0.1 at 2016-05-27 11:20:57 -0300


Started GET "/assets/users.self-c1995808c7c06218512d9be3549660842cf06c2c219baf302a7935bf7f269024.js?body=1" for 127.0.0.1 at 2016-05-27 11:20:57 -0300


Started GET "/assets/application.self-f8806224e027f3e3f0138ea9ce99319e298dfdb323304d1f1be6eae8e8c74724.js?body=1" for 127.0.0.1 at 2016-05-27 11:20:57 -0300


Started GET "/" for 127.0.0.1 at 2016-05-27 11:21:13 -0300
Processing by UsersController#new as HTML
  Rendered users/_form.html.erb (4.3ms)
  Rendered users/new.html.erb within layouts/application (5.4ms)
Completed 200 OK in 63ms (Views: 62.2ms | ActiveRecord: 0.0ms)


Started GET "/assets/bootstrap-datepicker.self-73e0b1c3ef6387a293396061f474c75d0977eb11cfa757cd9e46fd488c5614ff.css?body=1" for 127.0.0.1 at 2016-05-27 11:21:13 -0300


Started GET "/assets/scaffolds.self-4e843f1e33cf9b1b436d84d595fc9016fcb2bfa585d53323bf05be101aefc792.css?body=1" for 127.0.0.1 at 2016-05-27 11:21:13 -0300


Started GET "/assets/users.self-e3b0c44298fc1c149afbf4c8996fb92427ae41e4649b934ca495991b7852b855.css?body=1" for 127.0.0.1 at 2016-05-27 11:21:13 -0300


Started GET "/assets/jquery.self-660adc51e0224b731d29f575a6f1ec167ba08ad06ed5deca4f1e8654c135bf4c.js?body=1" for 127.0.0.1 at 2016-05-27 11:21:13 -0300


Started GET "/assets/jquery_ujs.self-e87806d0cf4489aeb1bb7288016024e8de67fd18db693fe026fe3907581e53cd.js?body=1" for 127.0.0.1 at 2016-05-27 11:21:13 -0300


Started GET "/assets/application.self-33dbc07f9fcf510913cbcf69c27fabecb055933e9c81f644da698ea9a1bb11e0.css?body=1" for 127.0.0.1 at 2016-05-27 11:21:13 -0300


Started GET "/assets/users.self-c1995808c7c06218512d9be3549660842cf06c2c219baf302a7935bf7f269024.js?body=1" for 127.0.0.1 at 2016-05-27 11:21:13 -0300


Started GET "/assets/bootstrap.self-6c92f650931beefe48977f272b7015d6b9b45da8b09831ebf88e05193c12d355.js?body=1" for 127.0.0.1 at 2016-05-27 11:21:13 -0300


Started GET "/assets/bootstrap-datepicker.min.self-7ce41c707010697e2dea11b26b790797f1435723270a6f10e09be2ddfbfe8c51.js?body=1" for 127.0.0.1 at 2016-05-27 11:21:13 -0300


Started GET "/assets/turbolinks.self-c37727e9bd6b2735da5c311aa83fead54ed0be6cc8bd9a65309e9c5abe2cbfff.js?body=1" for 127.0.0.1 at 2016-05-27 11:21:13 -0300


Started GET "/assets/application.self-f8806224e027f3e3f0138ea9ce99319e298dfdb323304d1f1be6eae8e8c74724.js?body=1" for 127.0.0.1 at 2016-05-27 11:21:13 -0300


Started GET "/" for 127.0.0.1 at 2016-05-27 11:23:08 -0300
Processing by UsersController#new as HTML
  Rendered users/_form.html.erb (2.9ms)
  Rendered users/new.html.erb within layouts/application (3.9ms)
Completed 200 OK in 263ms (Views: 262.4ms | ActiveRecord: 0.0ms)


Started GET "/assets/users.self-0812afae1f51f61618f7609cedf62bfa9fd85ea21fcf26e635176f6180822d8f.js?body=1" for 127.0.0.1 at 2016-05-27 11:23:09 -0300


Started GET "/" for 127.0.0.1 at 2016-05-27 11:24:15 -0300
Processing by UsersController#new as HTML
  Rendered users/_form.html.erb (3.7ms)
  Rendered users/new.html.erb within layouts/application (4.6ms)
Completed 200 OK in 44ms (Views: 42.8ms | ActiveRecord: 0.0ms)


Started GET "/" for 127.0.0.1 at 2016-05-27 11:26:12 -0300
Processing by UsersController#new as HTML
  Rendered users/_form.html.erb (4.7ms)
  Rendered users/new.html.erb within layouts/application (5.3ms)
Completed 200 OK in 46ms (Views: 45.2ms | ActiveRecord: 0.0ms)


Started GET "/" for 127.0.0.1 at 2016-05-27 11:26:22 -0300
Processing by UsersController#new as HTML
  Rendered users/_form.html.erb (2.6ms)
  Rendered users/new.html.erb within layouts/application (3.1ms)
Completed 200 OK in 39ms (Views: 38.7ms | ActiveRecord: 0.0ms)


Started GET "/assets/bootstrap-datepicker.self-73e0b1c3ef6387a293396061f474c75d0977eb11cfa757cd9e46fd488c5614ff.css?body=1" for 127.0.0.1 at 2016-05-27 11:26:22 -0300


Started GET "/assets/scaffolds.self-4e843f1e33cf9b1b436d84d595fc9016fcb2bfa585d53323bf05be101aefc792.css?body=1" for 127.0.0.1 at 2016-05-27 11:26:22 -0300


Started GET "/assets/application.self-33dbc07f9fcf510913cbcf69c27fabecb055933e9c81f644da698ea9a1bb11e0.css?body=1" for 127.0.0.1 at 2016-05-27 11:26:22 -0300


Started GET "/assets/users.self-e3b0c44298fc1c149afbf4c8996fb92427ae41e4649b934ca495991b7852b855.css?body=1" for 127.0.0.1 at 2016-05-27 11:26:23 -0300


Started GET "/assets/jquery_ujs.self-e87806d0cf4489aeb1bb7288016024e8de67fd18db693fe026fe3907581e53cd.js?body=1" for 127.0.0.1 at 2016-05-27 11:26:23 -0300


Started GET "/assets/jquery.self-660adc51e0224b731d29f575a6f1ec167ba08ad06ed5deca4f1e8654c135bf4c.js?body=1" for 127.0.0.1 at 2016-05-27 11:26:23 -0300


Started GET "/assets/bootstrap.self-6c92f650931beefe48977f272b7015d6b9b45da8b09831ebf88e05193c12d355.js?body=1" for 127.0.0.1 at 2016-05-27 11:26:23 -0300


Started GET "/assets/turbolinks.self-c37727e9bd6b2735da5c311aa83fead54ed0be6cc8bd9a65309e9c5abe2cbfff.js?body=1" for 127.0.0.1 at 2016-05-27 11:26:23 -0300


Started GET "/assets/application.self-f8806224e027f3e3f0138ea9ce99319e298dfdb323304d1f1be6eae8e8c74724.js?body=1" for 127.0.0.1 at 2016-05-27 11:26:23 -0300


Started GET "/assets/users.self-0812afae1f51f61618f7609cedf62bfa9fd85ea21fcf26e635176f6180822d8f.js?body=1" for 127.0.0.1 at 2016-05-27 11:26:23 -0300


Started GET "/assets/bootstrap-datepicker.min.self-7ce41c707010697e2dea11b26b790797f1435723270a6f10e09be2ddfbfe8c51.js?body=1" for 127.0.0.1 at 2016-05-27 11:26:23 -0300


Started GET "/" for 127.0.0.1 at 2016-05-27 11:30:29 -0300
Processing by UsersController#new as HTML
  Rendered users/_form.html.erb (1.7ms)
  Rendered users/new.html.erb within layouts/application (5.1ms)
Completed 200 OK in 2253ms (Views: 2252.4ms | ActiveRecord: 0.0ms)


Started GET "/assets/application.self-55d7dbd2eac501dc86db2d5a1a8b4298a45d8eff7f7524859bc971b2950f227b.css?body=1" for 127.0.0.1 at 2016-05-27 11:30:31 -0300


Started GET "/" for 127.0.0.1 at 2016-05-27 11:33:35 -0300
Processing by UsersController#new as HTML
  Rendered users/_form.html.erb (2.9ms)
  Rendered users/new.html.erb within layouts/application (3.6ms)
Completed 200 OK in 1915ms (Views: 1914.2ms | ActiveRecord: 0.0ms)


Started GET "/assets/application.self-553954405a76c0aa96e6654b1ae367439267bc775333adedcdc414416d22757a.css?body=1" for 127.0.0.1 at 2016-05-27 11:33:37 -0300


Started GET "/" for 127.0.0.1 at 2016-05-27 11:53:59 -0300
Processing by UsersController#new as HTML
  Rendered users/_form.html.erb (2.6ms)
  Rendered users/new.html.erb within layouts/application (3.2ms)
Completed 200 OK in 46ms (Views: 45.3ms | ActiveRecord: 0.0ms)


Started GET "/assets/scaffolds.self-4e843f1e33cf9b1b436d84d595fc9016fcb2bfa585d53323bf05be101aefc792.css?body=1" for 127.0.0.1 at 2016-05-27 11:53:59 -0300


Started GET "/assets/bootstrap-datepicker.self-73e0b1c3ef6387a293396061f474c75d0977eb11cfa757cd9e46fd488c5614ff.css?body=1" for 127.0.0.1 at 2016-05-27 11:53:59 -0300


Started GET "/assets/users.self-e3b0c44298fc1c149afbf4c8996fb92427ae41e4649b934ca495991b7852b855.css?body=1" for 127.0.0.1 at 2016-05-27 11:54:00 -0300


Started GET "/assets/application.self-553954405a76c0aa96e6654b1ae367439267bc775333adedcdc414416d22757a.css?body=1" for 127.0.0.1 at 2016-05-27 11:54:00 -0300


Started GET "/assets/jquery.self-660adc51e0224b731d29f575a6f1ec167ba08ad06ed5deca4f1e8654c135bf4c.js?body=1" for 127.0.0.1 at 2016-05-27 11:54:00 -0300


Started GET "/assets/jquery_ujs.self-e87806d0cf4489aeb1bb7288016024e8de67fd18db693fe026fe3907581e53cd.js?body=1" for 127.0.0.1 at 2016-05-27 11:54:00 -0300


Started GET "/assets/bootstrap-datepicker.min.self-7ce41c707010697e2dea11b26b790797f1435723270a6f10e09be2ddfbfe8c51.js?body=1" for 127.0.0.1 at 2016-05-27 11:54:00 -0300


Started GET "/assets/turbolinks.self-c37727e9bd6b2735da5c311aa83fead54ed0be6cc8bd9a65309e9c5abe2cbfff.js?body=1" for 127.0.0.1 at 2016-05-27 11:54:00 -0300


Started GET "/assets/bootstrap.self-6c92f650931beefe48977f272b7015d6b9b45da8b09831ebf88e05193c12d355.js?body=1" for 127.0.0.1 at 2016-05-27 11:54:00 -0300


Started GET "/assets/application.self-f8806224e027f3e3f0138ea9ce99319e298dfdb323304d1f1be6eae8e8c74724.js?body=1" for 127.0.0.1 at 2016-05-27 11:54:00 -0300


Started GET "/assets/users.self-0812afae1f51f61618f7609cedf62bfa9fd85ea21fcf26e635176f6180822d8f.js?body=1" for 127.0.0.1 at 2016-05-27 11:54:00 -0300


Started GET "/" for 127.0.0.1 at 2016-05-27 11:56:30 -0300
Processing by UsersController#new as HTML
  Rendered users/_form.html.erb (2.8ms)
  Rendered users/new.html.erb within layouts/application (5.8ms)
Completed 200 OK in 2215ms (Views: 2213.9ms | ActiveRecord: 0.0ms)


Started GET "/assets/application.self-18bca167ee8274358a2960d332192129dbf02be0d5f5720725312963f3153c4b.css?body=1" for 127.0.0.1 at 2016-05-27 11:56:33 -0300


Started GET "/" for 127.0.0.1 at 2016-05-27 11:59:56 -0300
Processing by UsersController#new as HTML
  Rendered users/_form.html.erb (2.2ms)
  Rendered users/new.html.erb within layouts/application (2.8ms)
Completed 200 OK in 1853ms (Views: 1852.5ms | ActiveRecord: 0.0ms)


Started GET "/assets/application.self-d480cfb30b8551021fbd1d86a11ce5c367b18fa786d5cc4d3f2db916b6b53fc9.css?body=1" for 127.0.0.1 at 2016-05-27 11:59:58 -0300


Started GET "/" for 127.0.0.1 at 2016-05-27 12:04:16 -0300
Processing by UsersController#new as HTML
  Rendered users/_form.html.erb (3.2ms)
  Rendered users/new.html.erb within layouts/application (3.8ms)
Completed 500 Internal Server Error in 734ms (ActiveRecord: 0.0ms)

ActionView::Template::Error (wrong number of arguments (4 for 3) for `rgb'):
    2: <html>
    3: <head>
    4:   <title>Patagonia</title>
    5:   <%= stylesheet_link_tag    'application', media: 'all', 'data-turbolinks-track' => true %>
    6:   <%= javascript_include_tag 'application', 'data-turbolinks-track' => true %>
    7:   <%= csrf_meta_tags %>
    8: </head>
  app/assets/stylesheets/application.css.scss:68
  app/views/layouts/application.html.erb:5:in `_app_views_layouts_application_html_erb__1002516500_69197220'


  Rendered /home/leo/.rvm/gems/ruby-head/gems/actionpack-4.2.1/lib/action_dispatch/middleware/templates/rescues/_source.erb (12.9ms)
  Rendered /home/leo/.rvm/gems/ruby-head/gems/actionpack-4.2.1/lib/action_dispatch/middleware/templates/rescues/_trace.html.erb (5.4ms)
  Rendered /home/leo/.rvm/gems/ruby-head/gems/actionpack-4.2.1/lib/action_dispatch/middleware/templates/rescues/_request_and_response.html.erb (1.0ms)
  Rendered /home/leo/.rvm/gems/ruby-head/gems/actionpack-4.2.1/lib/action_dispatch/middleware/templates/rescues/template_error.html.erb within rescues/layout (34.2ms)
  Rendered /home/leo/.rvm/gems/ruby-head/gems/web-console-2.3.0/lib/web_console/templates/_markup.html.erb (0.4ms)
  Rendered /home/leo/.rvm/gems/ruby-head/gems/web-console-2.3.0/lib/web_console/templates/_inner_console_markup.html.erb within layouts/inlined_string (0.4ms)
  Rendered /home/leo/.rvm/gems/ruby-head/gems/web-console-2.3.0/lib/web_console/templates/_prompt_box_markup.html.erb within layouts/inlined_string (0.4ms)
  Rendered /home/leo/.rvm/gems/ruby-head/gems/web-console-2.3.0/lib/web_console/templates/style.css.erb within layouts/inlined_string (0.4ms)
  Rendered /home/leo/.rvm/gems/ruby-head/gems/web-console-2.3.0/lib/web_console/templates/console.js.erb within layouts/javascript (18.7ms)
  Rendered /home/leo/.rvm/gems/ruby-head/gems/web-console-2.3.0/lib/web_console/templates/main.js.erb within layouts/javascript (0.2ms)
  Rendered /home/leo/.rvm/gems/ruby-head/gems/web-console-2.3.0/lib/web_console/templates/error_page.js.erb within layouts/javascript (0.4ms)
  Rendered /home/leo/.rvm/gems/ruby-head/gems/web-console-2.3.0/lib/web_console/templates/index.html.erb (37.2ms)


Started GET "/" for 127.0.0.1 at 2016-05-27 12:04:48 -0300
Processing by UsersController#new as HTML
  Rendered users/_form.html.erb (2.0ms)
  Rendered users/new.html.erb within layouts/application (2.7ms)
Completed 200 OK in 2025ms (Views: 2024.2ms | ActiveRecord: 0.0ms)


Started GET "/assets/application.self-9f09d9d4b2f5334a286b6b22b67844612c7a4f33dda053523e79963c83d79330.css?body=1" for 127.0.0.1 at 2016-05-27 12:04:50 -0300


Started GET "/assets/users.self-3995f4fdd9d92029456409dddd75b671cc29b02fa433fe024552608a0872e14e.js?body=1" for 127.0.0.1 at 2016-05-27 12:04:50 -0300


Started GET "/" for 127.0.0.1 at 2016-05-27 12:05:10 -0300
Processing by UsersController#new as HTML
  Rendered users/_form.html.erb (1.5ms)
  Rendered users/new.html.erb within layouts/application (2.0ms)
Completed 200 OK in 1875ms (Views: 1874.0ms | ActiveRecord: 0.0ms)


Started GET "/assets/application.self-cbffbfc260f044f4dfc577030ada6112db89586f8eafd16578f32cf442e3a611.css?body=1" for 127.0.0.1 at 2016-05-27 12:05:12 -0300


Started GET "/" for 127.0.0.1 at 2016-05-27 12:07:13 -0300
Processing by UsersController#new as HTML
  Rendered users/_form.html.erb (1.5ms)
  Rendered users/new.html.erb within layouts/application (2.0ms)
Completed 200 OK in 1913ms (Views: 1912.8ms | ActiveRecord: 0.0ms)


Started GET "/assets/application.self-8631e82bee85d3e0aaa4d4ffe5c05c4dfb31fb12e2dd919e8bb91e8d351eb8bd.css?body=1" for 127.0.0.1 at 2016-05-27 12:07:15 -0300


Started GET "/" for 127.0.0.1 at 2016-05-27 12:10:01 -0300
Processing by UsersController#new as HTML
  Rendered users/_form.html.erb (1.9ms)
  Rendered users/new.html.erb within layouts/application (2.4ms)
Completed 200 OK in 2111ms (Views: 2110.7ms | ActiveRecord: 0.0ms)


Started GET "/assets/application.self-47697e97e20f763f7da1fd74f98f69b2c762fa4c695066d851a9ed56b9417607.css?body=1" for 127.0.0.1 at 2016-05-27 12:10:03 -0300


Started GET "/" for 127.0.0.1 at 2016-05-27 12:10:23 -0300
Processing by UsersController#new as HTML
  Rendered users/_form.html.erb (2.0ms)
  Rendered users/new.html.erb within layouts/application (3.0ms)
Completed 200 OK in 1950ms (Views: 1948.9ms | ActiveRecord: 0.0ms)


Started GET "/assets/application.self-5e24ceecad82296c3113569d2da8cd769581519723c838751daec902bcdd594d.css?body=1" for 127.0.0.1 at 2016-05-27 12:10:25 -0300


Started GET "/" for 127.0.0.1 at 2016-05-27 12:11:14 -0300
Processing by UsersController#new as HTML
  Rendered users/_form.html.erb (2.7ms)
  Rendered users/new.html.erb within layouts/application (3.7ms)
Completed 200 OK in 1950ms (Views: 1949.3ms | ActiveRecord: 0.0ms)


Started GET "/assets/application.self-3545d8c93216d6d82395f9382e94acc40a0d43c6828f8694605fba7e150c7cfb.css?body=1" for 127.0.0.1 at 2016-05-27 12:11:16 -0300


Started GET "/" for 127.0.0.1 at 2016-05-27 12:11:44 -0300
Processing by UsersController#new as HTML
  Rendered users/_form.html.erb (3.8ms)
  Rendered users/new.html.erb within layouts/application (4.3ms)
Completed 200 OK in 39ms (Views: 37.9ms | ActiveRecord: 0.0ms)


Started GET "/" for 127.0.0.1 at 2016-05-27 12:12:05 -0300
Processing by UsersController#new as HTML
  Rendered users/_form.html.erb (4.9ms)
  Rendered users/new.html.erb within layouts/application (5.7ms)
Completed 200 OK in 65ms (Views: 63.8ms | ActiveRecord: 0.0ms)


Started GET "/" for 127.0.0.1 at 2016-05-27 12:12:22 -0300
Processing by UsersController#new as HTML
  Rendered users/_form.html.erb (1.4ms)
  Rendered users/new.html.erb within layouts/application (1.9ms)
Completed 200 OK in 1906ms (Views: 1905.4ms | ActiveRecord: 0.0ms)


Started GET "/assets/bootstrap-datepicker.self-73e0b1c3ef6387a293396061f474c75d0977eb11cfa757cd9e46fd488c5614ff.css?body=1" for 127.0.0.1 at 2016-05-27 12:12:24 -0300


Started GET "/assets/application.self-91bef53271d632a961946e8c27e0c69c9a2e3291b2e4ebcac9dbfcf12512e5de.css?body=1" for 127.0.0.1 at 2016-05-27 12:12:24 -0300


Started GET "/assets/scaffolds.self-4e843f1e33cf9b1b436d84d595fc9016fcb2bfa585d53323bf05be101aefc792.css?body=1" for 127.0.0.1 at 2016-05-27 12:12:24 -0300


Started GET "/assets/users.self-e3b0c44298fc1c149afbf4c8996fb92427ae41e4649b934ca495991b7852b855.css?body=1" for 127.0.0.1 at 2016-05-27 12:12:24 -0300


Started GET "/assets/jquery.self-660adc51e0224b731d29f575a6f1ec167ba08ad06ed5deca4f1e8654c135bf4c.js?body=1" for 127.0.0.1 at 2016-05-27 12:12:24 -0300


Started GET "/assets/bootstrap.self-6c92f650931beefe48977f272b7015d6b9b45da8b09831ebf88e05193c12d355.js?body=1" for 127.0.0.1 at 2016-05-27 12:12:24 -0300


Started GET "/assets/jquery_ujs.self-e87806d0cf4489aeb1bb7288016024e8de67fd18db693fe026fe3907581e53cd.js?body=1" for 127.0.0.1 at 2016-05-27 12:12:24 -0300


Started GET "/assets/turbolinks.self-c37727e9bd6b2735da5c311aa83fead54ed0be6cc8bd9a65309e9c5abe2cbfff.js?body=1" for 127.0.0.1 at 2016-05-27 12:12:24 -0300


Started GET "/assets/bootstrap-datepicker.min.self-7ce41c707010697e2dea11b26b790797f1435723270a6f10e09be2ddfbfe8c51.js?body=1" for 127.0.0.1 at 2016-05-27 12:12:24 -0300


Started GET "/assets/application.self-f8806224e027f3e3f0138ea9ce99319e298dfdb323304d1f1be6eae8e8c74724.js?body=1" for 127.0.0.1 at 2016-05-27 12:12:24 -0300


Started GET "/assets/users.self-3995f4fdd9d92029456409dddd75b671cc29b02fa433fe024552608a0872e14e.js?body=1" for 127.0.0.1 at 2016-05-27 12:12:24 -0300


Started GET "/" for 127.0.0.1 at 2016-05-27 12:13:38 -0300
Processing by UsersController#new as HTML
  Rendered users/_form.html.erb (3.1ms)
  Rendered users/new.html.erb within layouts/application (3.7ms)
Completed 200 OK in 39ms (Views: 38.2ms | ActiveRecord: 0.0ms)


Started GET "/" for 127.0.0.1 at 2016-05-27 12:13:50 -0300
Processing by UsersController#new as HTML
  Rendered users/_form.html.erb (4.4ms)
  Rendered users/new.html.erb within layouts/application (5.3ms)
Completed 200 OK in 66ms (Views: 64.9ms | ActiveRecord: 0.0ms)


Started GET "/" for 127.0.0.1 at 2016-05-27 12:14:18 -0300
Processing by UsersController#new as HTML
  Rendered users/_form.html.erb (2.8ms)
  Rendered users/new.html.erb within layouts/application (3.4ms)
Completed 200 OK in 37ms (Views: 36.6ms | ActiveRecord: 0.0ms)


Started GET "/" for 127.0.0.1 at 2016-05-27 12:16:49 -0300
Processing by UsersController#new as HTML
  Rendered users/_form.html.erb (2.0ms)
  Rendered users/new.html.erb within layouts/application (2.6ms)
Completed 200 OK in 1850ms (Views: 1849.5ms | ActiveRecord: 0.0ms)


Started GET "/assets/application.self-dc2c760609ddc96461f24eb05eba6bcd5ee04c41f9ccf2de7129439b90a4f93c.css?body=1" for 127.0.0.1 at 2016-05-27 12:16:51 -0300


Started GET "/" for 127.0.0.1 at 2016-05-27 12:17:29 -0300
Processing by UsersController#new as HTML
  Rendered users/_form.html.erb (2.7ms)
  Rendered users/new.html.erb within layouts/application (3.5ms)
Completed 200 OK in 1943ms (Views: 1941.8ms | ActiveRecord: 0.0ms)


Started GET "/assets/application.self-58b00d49b67371843d7c51c18506ff3c544eccc0ae6d9df267ea904e924f447a.css?body=1" for 127.0.0.1 at 2016-05-27 12:17:31 -0300


Started GET "/" for 127.0.0.1 at 2016-05-27 12:18:29 -0300
Processing by UsersController#new as HTML
  Rendered users/_form.html.erb (2.6ms)
  Rendered users/new.html.erb within layouts/application (3.6ms)
Completed 200 OK in 1892ms (Views: 1891.2ms | ActiveRecord: 0.0ms)


Started GET "/assets/application.self-a1ca0bb860ccf0272c14412b4d06d30a8b9ae8f51dbe44d5a171ae999919d8ea.css?body=1" for 127.0.0.1 at 2016-05-27 12:18:31 -0300


Started GET "/" for 127.0.0.1 at 2016-05-27 12:20:20 -0300
Processing by UsersController#new as HTML
  Rendered users/_form.html.erb (2.2ms)
  Rendered users/new.html.erb within layouts/application (2.8ms)
Completed 200 OK in 1875ms (Views: 1874.0ms | ActiveRecord: 0.0ms)


Started GET "/assets/application.self-1e998fbcd3155f618234241a217f2135c4f031a587574917ce52d2eac0aab1ad.css?body=1" for 127.0.0.1 at 2016-05-27 12:20:22 -0300


Started GET "/" for 127.0.0.1 at 2016-05-27 12:20:42 -0300
Processing by UsersController#new as HTML
  Rendered users/_form.html.erb (1.8ms)
  Rendered users/new.html.erb within layouts/application (2.4ms)
Completed 200 OK in 1963ms (Views: 1962.5ms | ActiveRecord: 0.0ms)


Started GET "/assets/application.self-d5a9474283a7513af31b1cf1e385164f446e1e57e52d1f127e01f63861b30918.css?body=1" for 127.0.0.1 at 2016-05-27 12:20:44 -0300


Started GET "/" for 127.0.0.1 at 2016-05-27 12:21:09 -0300
Processing by UsersController#new as HTML
  Rendered users/_form.html.erb (2.9ms)
  Rendered users/new.html.erb within layouts/application (3.9ms)
Completed 200 OK in 2490ms (Views: 2488.4ms | ActiveRecord: 0.0ms)


Started GET "/assets/application.self-5514b74b78d75ee3222cd20aa73fb3f06fe3556ce8854a55c7a76bc1318af360.css?body=1" for 127.0.0.1 at 2016-05-27 12:21:11 -0300


Started GET "/" for 127.0.0.1 at 2016-05-27 12:23:07 -0300
Processing by UsersController#new as HTML
  Rendered users/_form.html.erb (2.8ms)
  Rendered users/new.html.erb within layouts/application (4.1ms)
Completed 200 OK in 1982ms (Views: 1981.3ms | ActiveRecord: 0.0ms)


Started GET "/assets/application.self-25ba7467bee971c161abf70905c6598c93321f6b05c479f930f8a3b1073a6eee.css?body=1" for 127.0.0.1 at 2016-05-27 12:23:09 -0300


Started GET "/" for 127.0.0.1 at 2016-05-27 12:24:20 -0300
Processing by UsersController#new as HTML
  Rendered users/_form.html.erb (2.3ms)
  Rendered users/new.html.erb within layouts/application (3.0ms)
Completed 200 OK in 2183ms (Views: 2182.3ms | ActiveRecord: 0.0ms)


Started GET "/assets/application.self-672fffdd0fb1ab16acf84f0ca091750e47600e63b7e5a334f862ccb3ef8c7c9d.css?body=1" for 127.0.0.1 at 2016-05-27 12:24:22 -0300


Started GET "/" for 127.0.0.1 at 2016-05-27 12:26:30 -0300
Processing by UsersController#new as HTML
  Rendered users/_form.html.erb (2.5ms)
  Rendered users/new.html.erb within layouts/application (3.5ms)
Completed 200 OK in 2132ms (Views: 2130.8ms | ActiveRecord: 0.0ms)


Started GET "/assets/application.self-0aeaf14ff8c0a45cf3e7ce170e8ca9afdaa24f6c7d1bad57588075e652ee6bb0.css?body=1" for 127.0.0.1 at 2016-05-27 12:26:32 -0300


Started GET "/" for 127.0.0.1 at 2016-05-27 12:27:28 -0300
Processing by UsersController#new as HTML
  Rendered users/_form.html.erb (2.2ms)
  Rendered users/new.html.erb within layouts/application (2.6ms)
Completed 200 OK in 1911ms (Views: 1910.5ms | ActiveRecord: 0.0ms)


Started GET "/assets/application.self-e0ae3d2ed2a3ed227760eba064731e62e4c0dc608e826b61abbf386a05ec758d.css?body=1" for 127.0.0.1 at 2016-05-27 12:27:30 -0300


Started GET "/" for 127.0.0.1 at 2016-05-27 12:28:19 -0300
Processing by UsersController#new as HTML
  Rendered users/_form.html.erb (2.4ms)
  Rendered users/new.html.erb within layouts/application (3.2ms)
Completed 200 OK in 59ms (Views: 58.4ms | ActiveRecord: 0.0ms)


Started GET "/" for 127.0.0.1 at 2016-05-27 12:29:28 -0300
Processing by UsersController#new as HTML
  Rendered users/_form.html.erb (1.5ms)
  Rendered users/new.html.erb within layouts/application (2.3ms)
Completed 200 OK in 36ms (Views: 35.7ms | ActiveRecord: 0.0ms)


Started GET "/" for 127.0.0.1 at 2016-05-27 12:29:31 -0300
Processing by UsersController#new as HTML
  Rendered users/_form.html.erb (1.6ms)
  Rendered users/new.html.erb within layouts/application (2.2ms)
Completed 200 OK in 34ms (Views: 33.4ms | ActiveRecord: 0.0ms)


Started GET "/" for 127.0.0.1 at 2016-05-27 12:30:20 -0300
Processing by UsersController#new as HTML
  Rendered users/_form.html.erb (2.4ms)
  Rendered users/new.html.erb within layouts/application (3.1ms)
Completed 200 OK in 1902ms (Views: 1901.4ms | ActiveRecord: 0.0ms)


Started GET "/assets/scaffolds.self-4e843f1e33cf9b1b436d84d595fc9016fcb2bfa585d53323bf05be101aefc792.css?body=1" for 127.0.0.1 at 2016-05-27 12:30:22 -0300


Started GET "/assets/bootstrap-datepicker.self-73e0b1c3ef6387a293396061f474c75d0977eb11cfa757cd9e46fd488c5614ff.css?body=1" for 127.0.0.1 at 2016-05-27 12:30:22 -0300


Started GET "/assets/users.self-e3b0c44298fc1c149afbf4c8996fb92427ae41e4649b934ca495991b7852b855.css?body=1" for 127.0.0.1 at 2016-05-27 12:30:22 -0300


Started GET "/assets/application.self-1420bf7588c70585fc386aca5be8d610c10cbbe9e8b9fb3e7d5c46337aa94fe5.css?body=1" for 127.0.0.1 at 2016-05-27 12:30:23 -0300


Started GET "/assets/jquery.self-660adc51e0224b731d29f575a6f1ec167ba08ad06ed5deca4f1e8654c135bf4c.js?body=1" for 127.0.0.1 at 2016-05-27 12:30:23 -0300


Started GET "/assets/jquery_ujs.self-e87806d0cf4489aeb1bb7288016024e8de67fd18db693fe026fe3907581e53cd.js?body=1" for 127.0.0.1 at 2016-05-27 12:30:23 -0300


Started GET "/assets/turbolinks.self-c37727e9bd6b2735da5c311aa83fead54ed0be6cc8bd9a65309e9c5abe2cbfff.js?body=1" for 127.0.0.1 at 2016-05-27 12:30:23 -0300


Started GET "/assets/bootstrap.self-6c92f650931beefe48977f272b7015d6b9b45da8b09831ebf88e05193c12d355.js?body=1" for 127.0.0.1 at 2016-05-27 12:30:23 -0300


Started GET "/assets/bootstrap-datepicker.min.self-7ce41c707010697e2dea11b26b790797f1435723270a6f10e09be2ddfbfe8c51.js?body=1" for 127.0.0.1 at 2016-05-27 12:30:23 -0300


Started GET "/assets/application.self-f8806224e027f3e3f0138ea9ce99319e298dfdb323304d1f1be6eae8e8c74724.js?body=1" for 127.0.0.1 at 2016-05-27 12:30:23 -0300


Started GET "/assets/users.self-3995f4fdd9d92029456409dddd75b671cc29b02fa433fe024552608a0872e14e.js?body=1" for 127.0.0.1 at 2016-05-27 12:30:23 -0300


Started GET "/" for 127.0.0.1 at 2016-05-27 12:31:04 -0300
Processing by UsersController#new as HTML
  Rendered users/_form.html.erb (2.6ms)
  Rendered users/new.html.erb within layouts/application (3.9ms)
Completed 200 OK in 60ms (Views: 59.6ms | ActiveRecord: 0.0ms)


Started GET "/assets/bootstrap-datepicker.self-73e0b1c3ef6387a293396061f474c75d0977eb11cfa757cd9e46fd488c5614ff.css?body=1" for 127.0.0.1 at 2016-05-27 12:31:04 -0300


Started GET "/assets/scaffolds.self-4e843f1e33cf9b1b436d84d595fc9016fcb2bfa585d53323bf05be101aefc792.css?body=1" for 127.0.0.1 at 2016-05-27 12:31:04 -0300


Started GET "/assets/users.self-e3b0c44298fc1c149afbf4c8996fb92427ae41e4649b934ca495991b7852b855.css?body=1" for 127.0.0.1 at 2016-05-27 12:31:04 -0300


Started GET "/assets/application.self-1420bf7588c70585fc386aca5be8d610c10cbbe9e8b9fb3e7d5c46337aa94fe5.css?body=1" for 127.0.0.1 at 2016-05-27 12:31:04 -0300


Started GET "/assets/bootstrap.self-6c92f650931beefe48977f272b7015d6b9b45da8b09831ebf88e05193c12d355.js?body=1" for 127.0.0.1 at 2016-05-27 12:31:04 -0300


Started GET "/assets/jquery_ujs.self-e87806d0cf4489aeb1bb7288016024e8de67fd18db693fe026fe3907581e53cd.js?body=1" for 127.0.0.1 at 2016-05-27 12:31:04 -0300


Started GET "/assets/jquery.self-660adc51e0224b731d29f575a6f1ec167ba08ad06ed5deca4f1e8654c135bf4c.js?body=1" for 127.0.0.1 at 2016-05-27 12:31:04 -0300


Started GET "/assets/turbolinks.self-c37727e9bd6b2735da5c311aa83fead54ed0be6cc8bd9a65309e9c5abe2cbfff.js?body=1" for 127.0.0.1 at 2016-05-27 12:31:04 -0300


Started GET "/assets/bootstrap-datepicker.min.self-7ce41c707010697e2dea11b26b790797f1435723270a6f10e09be2ddfbfe8c51.js?body=1" for 127.0.0.1 at 2016-05-27 12:31:04 -0300


Started GET "/assets/application.self-f8806224e027f3e3f0138ea9ce99319e298dfdb323304d1f1be6eae8e8c74724.js?body=1" for 127.0.0.1 at 2016-05-27 12:31:04 -0300


Started GET "/assets/users.self-3995f4fdd9d92029456409dddd75b671cc29b02fa433fe024552608a0872e14e.js?body=1" for 127.0.0.1 at 2016-05-27 12:31:04 -0300


Started GET "/" for 127.0.0.1 at 2016-05-27 12:33:51 -0300
Processing by UsersController#new as HTML
  Rendered users/_form.html.erb (1.5ms)
  Rendered users/new.html.erb within layouts/application (2.4ms)
Completed 200 OK in 1907ms (Views: 1906.7ms | ActiveRecord: 0.0ms)


Started GET "/assets/application.self-60fc83aa595bc77e2b685c37716fef74e28afa34736fdae7c062387e301fa35c.css?body=1" for 127.0.0.1 at 2016-05-27 12:33:53 -0300


Started GET "/" for 127.0.0.1 at 2016-05-27 12:36:21 -0300
Processing by UsersController#new as HTML
  Rendered users/_form.html.erb (2.8ms)
  Rendered users/new.html.erb within layouts/application (3.3ms)
Completed 200 OK in 37ms (Views: 36.1ms | ActiveRecord: 0.0ms)


Started GET "/" for 127.0.0.1 at 2016-05-27 12:37:56 -0300
Processing by UsersController#new as HTML
  Rendered users/_form.html.erb (2.5ms)
  Rendered users/new.html.erb within layouts/application (3.0ms)
Completed 200 OK in 36ms (Views: 35.8ms | ActiveRecord: 0.0ms)


Started GET "/" for 127.0.0.1 at 2016-05-27 12:38:20 -0300
Processing by UsersController#new as HTML
  Rendered users/_form.html.erb (3.0ms)
  Rendered users/new.html.erb within layouts/application (4.0ms)
Completed 200 OK in 2070ms (Views: 2068.7ms | ActiveRecord: 0.0ms)


Started GET "/assets/application.self-96557d5a020bda7645a9391b340583eed30da5ebe87360a5e41340c0af3957ca.css?body=1" for 127.0.0.1 at 2016-05-27 12:38:22 -0300


Started GET "/" for 127.0.0.1 at 2016-05-27 12:38:43 -0300
Processing by UsersController#new as HTML
  Rendered users/_form.html.erb (2.8ms)
  Rendered users/new.html.erb within layouts/application (3.8ms)
Completed 200 OK in 2179ms (Views: 2178.0ms | ActiveRecord: 0.0ms)


Started GET "/assets/application.self-0acc0cb8f25f7f834ce62fa0664137a8c321418316c2da5629df93d318c0203c.css?body=1" for 127.0.0.1 at 2016-05-27 12:38:45 -0300


Started GET "/" for 127.0.0.1 at 2016-05-27 12:39:23 -0300
Processing by UsersController#new as HTML
  Rendered users/_form.html.erb (1.4ms)
  Rendered users/new.html.erb within layouts/application (1.9ms)
Completed 200 OK in 1948ms (Views: 1947.7ms | ActiveRecord: 0.0ms)


Started GET "/assets/application.self-4340c662ac0c7f650d309166738ed69faa630eacce772dd1609c4286d52492b5.css?body=1" for 127.0.0.1 at 2016-05-27 12:39:25 -0300


Started GET "/" for 127.0.0.1 at 2016-05-27 12:40:04 -0300
Processing by UsersController#new as HTML
  Rendered users/_form.html.erb (2.8ms)
  Rendered users/new.html.erb within layouts/application (3.5ms)
Completed 200 OK in 44ms (Views: 42.9ms | ActiveRecord: 0.0ms)


Started GET "/" for 127.0.0.1 at 2016-05-27 12:42:04 -0300
Processing by UsersController#new as HTML
  Rendered users/_form.html.erb (2.7ms)
  Rendered users/new.html.erb within layouts/application (3.5ms)
Completed 200 OK in 2094ms (Views: 2092.7ms | ActiveRecord: 0.0ms)


Started GET "/assets/application.self-55ee86af1abe1c2bc599ddb3b2f9327333875e7c0b29919c906e7ea84efcf0e3.css?body=1" for 127.0.0.1 at 2016-05-27 12:42:06 -0300


Started GET "/" for 127.0.0.1 at 2016-05-27 12:43:12 -0300
Processing by UsersController#new as HTML
  Rendered users/_form.html.erb (2.9ms)
  Rendered users/new.html.erb within layouts/application (3.4ms)
Completed 200 OK in 1975ms (Views: 1974.1ms | ActiveRecord: 0.0ms)


Started GET "/assets/application.self-c5437bc8c9020a0d2f83225825b1611e4fa114dde1fbf934535514c2e5ecf29d.css?body=1" for 127.0.0.1 at 2016-05-27 12:43:14 -0300


Started GET "/" for 127.0.0.1 at 2016-05-27 12:43:44 -0300
Processing by UsersController#new as HTML
  Rendered users/_form.html.erb (4.4ms)
  Rendered users/new.html.erb within layouts/application (5.2ms)
Completed 200 OK in 38ms (Views: 37.8ms | ActiveRecord: 0.0ms)


Started GET "/" for 127.0.0.1 at 2016-05-27 12:45:17 -0300
Processing by UsersController#new as HTML
  Rendered users/_form.html.erb (4.2ms)
  Rendered users/new.html.erb within layouts/application (5.1ms)
Completed 200 OK in 1838ms (Views: 1837.5ms | ActiveRecord: 0.0ms)


Started GET "/assets/application.self-af730b212b44f2fb5e1de5cee82605664ab53237754226060f7fae9dfcf1dd61.css?body=1" for 127.0.0.1 at 2016-05-27 12:45:19 -0300


Started GET "/" for 127.0.0.1 at 2016-05-27 12:46:25 -0300
Processing by UsersController#new as HTML
  Rendered users/_form.html.erb (2.4ms)
  Rendered users/new.html.erb within layouts/application (3.1ms)
Completed 200 OK in 2193ms (Views: 2192.5ms | ActiveRecord: 0.0ms)


Started GET "/assets/application.self-78435efcfe5ac5430a8c2f96de56765716fb8c7a1b5c7cea900fcb57d36e849f.css?body=1" for 127.0.0.1 at 2016-05-27 12:46:27 -0300


Started GET "/" for 127.0.0.1 at 2016-05-27 12:46:40 -0300
Processing by UsersController#new as HTML
  Rendered users/_form.html.erb (2.9ms)
  Rendered users/new.html.erb within layouts/application (3.4ms)
Completed 200 OK in 1947ms (Views: 1946.0ms | ActiveRecord: 0.0ms)


Started GET "/assets/application.self-58d6e77e251cd81d227cb05a5fe45a0b930183b63d19b5cbf7fea42679d8d5c7.css?body=1" for 127.0.0.1 at 2016-05-27 12:46:42 -0300


Started GET "/" for 127.0.0.1 at 2016-05-27 12:50:00 -0300
Processing by UsersController#new as HTML
  Rendered users/_form.html.erb (2.2ms)
  Rendered users/new.html.erb within layouts/application (3.0ms)
Completed 200 OK in 40ms (Views: 39.3ms | ActiveRecord: 0.0ms)


Started GET "/assets/bootstrap-datepicker.self-73e0b1c3ef6387a293396061f474c75d0977eb11cfa757cd9e46fd488c5614ff.css?body=1" for 127.0.0.1 at 2016-05-27 12:50:00 -0300


Started GET "/assets/scaffolds.self-4e843f1e33cf9b1b436d84d595fc9016fcb2bfa585d53323bf05be101aefc792.css?body=1" for 127.0.0.1 at 2016-05-27 12:50:00 -0300


Started GET "/assets/application.self-58d6e77e251cd81d227cb05a5fe45a0b930183b63d19b5cbf7fea42679d8d5c7.css?body=1" for 127.0.0.1 at 2016-05-27 12:50:00 -0300


Started GET "/assets/users.self-e3b0c44298fc1c149afbf4c8996fb92427ae41e4649b934ca495991b7852b855.css?body=1" for 127.0.0.1 at 2016-05-27 12:50:00 -0300


Started GET "/assets/jquery.self-660adc51e0224b731d29f575a6f1ec167ba08ad06ed5deca4f1e8654c135bf4c.js?body=1" for 127.0.0.1 at 2016-05-27 12:50:00 -0300


Started GET "/assets/jquery_ujs.self-e87806d0cf4489aeb1bb7288016024e8de67fd18db693fe026fe3907581e53cd.js?body=1" for 127.0.0.1 at 2016-05-27 12:50:00 -0300


Started GET "/assets/bootstrap.self-6c92f650931beefe48977f272b7015d6b9b45da8b09831ebf88e05193c12d355.js?body=1" for 127.0.0.1 at 2016-05-27 12:50:00 -0300


Started GET "/assets/turbolinks.self-c37727e9bd6b2735da5c311aa83fead54ed0be6cc8bd9a65309e9c5abe2cbfff.js?body=1" for 127.0.0.1 at 2016-05-27 12:50:00 -0300


Started GET "/assets/bootstrap-datepicker.min.self-7ce41c707010697e2dea11b26b790797f1435723270a6f10e09be2ddfbfe8c51.js?body=1" for 127.0.0.1 at 2016-05-27 12:50:00 -0300


Started GET "/assets/users.self-3995f4fdd9d92029456409dddd75b671cc29b02fa433fe024552608a0872e14e.js?body=1" for 127.0.0.1 at 2016-05-27 12:50:00 -0300


Started GET "/assets/application.self-f8806224e027f3e3f0138ea9ce99319e298dfdb323304d1f1be6eae8e8c74724.js?body=1" for 127.0.0.1 at 2016-05-27 12:50:00 -0300


Started GET "/" for 127.0.0.1 at 2016-05-27 12:53:47 -0300
Processing by UsersController#new as HTML
  Rendered users/_form.html.erb (2.6ms)
  Rendered users/new.html.erb within layouts/application (3.1ms)
Completed 200 OK in 37ms (Views: 36.2ms | ActiveRecord: 0.0ms)


Started GET "/" for 127.0.0.1 at 2016-05-27 12:54:50 -0300
Processing by UsersController#new as HTML
  Rendered users/_form.html.erb (3.0ms)
  Rendered users/new.html.erb within layouts/application (3.6ms)
Completed 200 OK in 1825ms (Views: 1824.2ms | ActiveRecord: 0.0ms)


Started GET "/assets/application.self-02706a315847943a3a170826d265ca5c41155b4024216b3d7bbabf7d9c957283.css?body=1" for 127.0.0.1 at 2016-05-27 12:54:52 -0300


Started GET "/" for 127.0.0.1 at 2016-05-27 12:57:03 -0300
Processing by UsersController#new as HTML
  Rendered users/_form.html.erb (1.8ms)
  Rendered users/new.html.erb within layouts/application (2.5ms)
Completed 200 OK in 1928ms (Views: 1927.1ms | ActiveRecord: 0.0ms)


Started GET "/assets/bootstrap-datepicker.self-73e0b1c3ef6387a293396061f474c75d0977eb11cfa757cd9e46fd488c5614ff.css?body=1" for 127.0.0.1 at 2016-05-27 12:57:05 -0300


Started GET "/assets/users.self-e3b0c44298fc1c149afbf4c8996fb92427ae41e4649b934ca495991b7852b855.css?body=1" for 127.0.0.1 at 2016-05-27 12:57:05 -0300


Started GET "/assets/scaffolds.self-4e843f1e33cf9b1b436d84d595fc9016fcb2bfa585d53323bf05be101aefc792.css?body=1" for 127.0.0.1 at 2016-05-27 12:57:05 -0300


Started GET "/assets/application.self-412ff2456c986be60614f838a93a11cbeb98de9d52cc23b4bb5ca119037d7697.css?body=1" for 127.0.0.1 at 2016-05-27 12:57:05 -0300


Started GET "/assets/jquery.self-660adc51e0224b731d29f575a6f1ec167ba08ad06ed5deca4f1e8654c135bf4c.js?body=1" for 127.0.0.1 at 2016-05-27 12:57:05 -0300


Started GET "/assets/jquery_ujs.self-e87806d0cf4489aeb1bb7288016024e8de67fd18db693fe026fe3907581e53cd.js?body=1" for 127.0.0.1 at 2016-05-27 12:57:05 -0300


Started GET "/assets/turbolinks.self-c37727e9bd6b2735da5c311aa83fead54ed0be6cc8bd9a65309e9c5abe2cbfff.js?body=1" for 127.0.0.1 at 2016-05-27 12:57:05 -0300


Started GET "/assets/bootstrap-datepicker.min.self-7ce41c707010697e2dea11b26b790797f1435723270a6f10e09be2ddfbfe8c51.js?body=1" for 127.0.0.1 at 2016-05-27 12:57:05 -0300


Started GET "/assets/bootstrap.self-6c92f650931beefe48977f272b7015d6b9b45da8b09831ebf88e05193c12d355.js?body=1" for 127.0.0.1 at 2016-05-27 12:57:05 -0300


Started GET "/assets/users.self-3995f4fdd9d92029456409dddd75b671cc29b02fa433fe024552608a0872e14e.js?body=1" for 127.0.0.1 at 2016-05-27 12:57:05 -0300


Started GET "/assets/application.self-f8806224e027f3e3f0138ea9ce99319e298dfdb323304d1f1be6eae8e8c74724.js?body=1" for 127.0.0.1 at 2016-05-27 12:57:05 -0300


Started GET "/" for 127.0.0.1 at 2016-05-27 12:58:17 -0300
Processing by UsersController#new as HTML
  Rendered users/_form.html.erb (1.5ms)
  Rendered users/new.html.erb within layouts/application (2.0ms)
Completed 200 OK in 1919ms (Views: 1918.1ms | ActiveRecord: 0.0ms)


Started GET "/assets/application.self-43a757b8553059e049f5db8a0a254800a187b4847dd367ae4cd4ddf7fcebb569.css?body=1" for 127.0.0.1 at 2016-05-27 12:58:19 -0300


Started GET "/" for 127.0.0.1 at 2016-05-27 12:58:51 -0300
Processing by UsersController#new as HTML
  Rendered users/_form.html.erb (2.7ms)
  Rendered users/new.html.erb within layouts/application (3.5ms)
Completed 200 OK in 58ms (Views: 57.0ms | ActiveRecord: 0.0ms)


Started GET "/" for 127.0.0.1 at 2016-05-27 13:03:27 -0300
Processing by UsersController#new as HTML
  Rendered users/_form.html.erb (2.0ms)
  Rendered users/new.html.erb within layouts/application (3.0ms)
Completed 200 OK in 1916ms (Views: 1915.2ms | ActiveRecord: 0.0ms)


Started GET "/assets/bootstrap-datepicker.self-73e0b1c3ef6387a293396061f474c75d0977eb11cfa757cd9e46fd488c5614ff.css?body=1" for 127.0.0.1 at 2016-05-27 13:03:29 -0300


Started GET "/assets/users.self-e3b0c44298fc1c149afbf4c8996fb92427ae41e4649b934ca495991b7852b855.css?body=1" for 127.0.0.1 at 2016-05-27 13:03:29 -0300


Started GET "/assets/scaffolds.self-4e843f1e33cf9b1b436d84d595fc9016fcb2bfa585d53323bf05be101aefc792.css?body=1" for 127.0.0.1 at 2016-05-27 13:03:29 -0300


Started GET "/assets/application.self-63674f5d61386ec7183b4a1ada14bfd2dbd98ccc8f99f6df4e0c1328f8a4dfef.css?body=1" for 127.0.0.1 at 2016-05-27 13:03:29 -0300


Started GET "/assets/jquery.self-660adc51e0224b731d29f575a6f1ec167ba08ad06ed5deca4f1e8654c135bf4c.js?body=1" for 127.0.0.1 at 2016-05-27 13:03:29 -0300


Started GET "/assets/jquery_ujs.self-e87806d0cf4489aeb1bb7288016024e8de67fd18db693fe026fe3907581e53cd.js?body=1" for 127.0.0.1 at 2016-05-27 13:03:29 -0300


Started GET "/assets/bootstrap.self-6c92f650931beefe48977f272b7015d6b9b45da8b09831ebf88e05193c12d355.js?body=1" for 127.0.0.1 at 2016-05-27 13:03:29 -0300


Started GET "/assets/turbolinks.self-c37727e9bd6b2735da5c311aa83fead54ed0be6cc8bd9a65309e9c5abe2cbfff.js?body=1" for 127.0.0.1 at 2016-05-27 13:03:29 -0300


Started GET "/assets/bootstrap-datepicker.min.self-7ce41c707010697e2dea11b26b790797f1435723270a6f10e09be2ddfbfe8c51.js?body=1" for 127.0.0.1 at 2016-05-27 13:03:29 -0300


Started GET "/assets/users.self-3995f4fdd9d92029456409dddd75b671cc29b02fa433fe024552608a0872e14e.js?body=1" for 127.0.0.1 at 2016-05-27 13:03:29 -0300


Started GET "/assets/application.self-f8806224e027f3e3f0138ea9ce99319e298dfdb323304d1f1be6eae8e8c74724.js?body=1" for 127.0.0.1 at 2016-05-27 13:03:29 -0300


Started GET "/" for 127.0.0.1 at 2016-05-27 13:06:09 -0300
Processing by UsersController#new as HTML
  Rendered users/_form.html.erb (2.0ms)
  Rendered users/new.html.erb within layouts/application (2.6ms)
Completed 200 OK in 38ms (Views: 36.7ms | ActiveRecord: 0.0ms)


Started GET "/assets/bootstrap-datepicker.self-73e0b1c3ef6387a293396061f474c75d0977eb11cfa757cd9e46fd488c5614ff.css?body=1" for 127.0.0.1 at 2016-05-27 13:06:09 -0300


Started GET "/assets/scaffolds.self-4e843f1e33cf9b1b436d84d595fc9016fcb2bfa585d53323bf05be101aefc792.css?body=1" for 127.0.0.1 at 2016-05-27 13:06:09 -0300


Started GET "/assets/users.self-e3b0c44298fc1c149afbf4c8996fb92427ae41e4649b934ca495991b7852b855.css?body=1" for 127.0.0.1 at 2016-05-27 13:06:09 -0300


Started GET "/assets/application.self-63674f5d61386ec7183b4a1ada14bfd2dbd98ccc8f99f6df4e0c1328f8a4dfef.css?body=1" for 127.0.0.1 at 2016-05-27 13:06:09 -0300


Started GET "/assets/jquery.self-660adc51e0224b731d29f575a6f1ec167ba08ad06ed5deca4f1e8654c135bf4c.js?body=1" for 127.0.0.1 at 2016-05-27 13:06:09 -0300


Started GET "/assets/jquery_ujs.self-e87806d0cf4489aeb1bb7288016024e8de67fd18db693fe026fe3907581e53cd.js?body=1" for 127.0.0.1 at 2016-05-27 13:06:09 -0300


Started GET "/assets/turbolinks.self-c37727e9bd6b2735da5c311aa83fead54ed0be6cc8bd9a65309e9c5abe2cbfff.js?body=1" for 127.0.0.1 at 2016-05-27 13:06:09 -0300


Started GET "/assets/bootstrap.self-6c92f650931beefe48977f272b7015d6b9b45da8b09831ebf88e05193c12d355.js?body=1" for 127.0.0.1 at 2016-05-27 13:06:09 -0300


Started GET "/assets/bootstrap-datepicker.min.self-7ce41c707010697e2dea11b26b790797f1435723270a6f10e09be2ddfbfe8c51.js?body=1" for 127.0.0.1 at 2016-05-27 13:06:09 -0300


Started GET "/assets/application.self-f8806224e027f3e3f0138ea9ce99319e298dfdb323304d1f1be6eae8e8c74724.js?body=1" for 127.0.0.1 at 2016-05-27 13:06:09 -0300


Started GET "/assets/users.self-3995f4fdd9d92029456409dddd75b671cc29b02fa433fe024552608a0872e14e.js?body=1" for 127.0.0.1 at 2016-05-27 13:06:09 -0300


Started GET "/" for 127.0.0.1 at 2016-05-27 13:06:27 -0300
Processing by UsersController#new as HTML
  Rendered users/_form.html.erb (1.7ms)
  Rendered users/new.html.erb within layouts/application (2.2ms)
Completed 200 OK in 43ms (Views: 42.3ms | ActiveRecord: 0.0ms)
